[INFO] Scanning for projects...
[INFO] 
[INFO] ---------------------< pe.com.banco.bi:sistema-bi >---------------------
[INFO] Building sistema-bi 0.0.1-SNAPSHOT
[INFO]   from pom.xml
[INFO] --------------------------------[ jar ]---------------------------------
[INFO] 
[INFO] >>> spring-boot:3.5.0:run (default-cli) > test-compile @ sistema-bi >>>
[INFO] 
[INFO] --- resources:3.3.1:resources (default-resources) @ sistema-bi ---
[INFO] Copying 2 resources from src\main\resources to target\classes
[INFO] Copying 12 resources from src\main\resources to target\classes
[INFO] 
[INFO] --- compiler:3.14.0:compile (default-compile) @ sistema-bi ---
[INFO] Nothing to compile - all classes are up to date.
[INFO] 
[INFO] --- resources:3.3.1:testResources (default-testResources) @ sistema-bi ---
[INFO] Copying 1 resource from src\test\resources to target\test-classes
[INFO] 
[INFO] --- compiler:3.14.0:testCompile (default-testCompile) @ sistema-bi ---
[INFO] Recompiling the module because of changed source code.
[INFO] Compiling 1 source file with javac [debug parameters release 21] to target\test-classes
[INFO] 
[INFO] <<< spring-boot:3.5.0:run (default-cli) < test-compile @ sistema-bi <<<
[INFO] 
[INFO] 
[INFO] --- spring-boot:3.5.0:run (default-cli) @ sistema-bi ---
[INFO] Attaching agents: []

  .   ____          _            __ _ _
 /\\ / ___'_ __ _ _(_)_ __  __ _ \ \ \ \
( ( )\___ | '_ | '_| | '_ \/ _` | \ \ \ \
 \\/  ___)| |_)| | | | | || (_| |  ) ) ) )
  '  |____| .__|_| |_|_| |_\__, | / / / /
 =========|_|==============|___/=/_/_/_/

 :: Spring Boot ::                (v3.5.0)

2026-06-23T02:16:31.788-05:00  INFO 13428 --- [sistema-bi] [  restartedMain] pe.com.banco.bi.SistemaBiApplication     : Starting SistemaBiApplication using Java 21.0.2 with PID 13428 (E:\Documentos\SistemaBI\backend\target\classes started by alex in E:\Documentos\SistemaBI\backend)
2026-06-23T02:16:31.791-05:00  INFO 13428 --- [sistema-bi] [  restartedMain] pe.com.banco.bi.SistemaBiApplication     : No active profile set, falling back to 1 default profile: "default"
2026-06-23T02:16:31.823-05:00  INFO 13428 --- [sistema-bi] [  restartedMain] .e.DevToolsPropertyDefaultsPostProcessor : Devtools property defaults active! Set 'spring.devtools.add-properties' to 'false' to disable
2026-06-23T02:16:31.823-05:00  INFO 13428 --- [sistema-bi] [  restartedMain] .e.DevToolsPropertyDefaultsPostProcessor : For additional web related logging consider setting the 'logging.level.web' property to 'DEBUG'
2026-06-23T02:16:32.708-05:00  INFO 13428 --- [sistema-bi] [  restartedMain] .s.d.r.c.RepositoryConfigurationDelegate : Bootstrapping Spring Data JPA repositories in DEFAULT mode.
2026-06-23T02:16:32.859-05:00  INFO 13428 --- [sistema-bi] [  restartedMain] .s.d.r.c.RepositoryConfigurationDelegate : Finished Spring Data repository scanning in 135 ms. Found 24 JPA repository interfaces.
2026-06-23T02:16:33.484-05:00  INFO 13428 --- [sistema-bi] [  restartedMain] o.s.b.w.embedded.tomcat.TomcatWebServer  : Tomcat initialized with port 8080 (http)
2026-06-23T02:16:33.495-05:00  INFO 13428 --- [sistema-bi] [  restartedMain] o.apache.catalina.core.StandardService   : Starting service [Tomcat]
2026-06-23T02:16:33.495-05:00  INFO 13428 --- [sistema-bi] [  restartedMain] o.apache.catalina.core.StandardEngine    : Starting Servlet engine: [Apache Tomcat/10.1.41]
2026-06-23T02:16:33.528-05:00  INFO 13428 --- [sistema-bi] [  restartedMain] o.a.c.c.C.[Tomcat].[localhost].[/]       : Initializing Spring embedded WebApplicationContext
2026-06-23T02:16:33.528-05:00  INFO 13428 --- [sistema-bi] [  restartedMain] w.s.c.ServletWebServerApplicationContext : Root WebApplicationContext: initialization completed in 1705 ms
2026-06-23T02:16:33.728-05:00  INFO 13428 --- [sistema-bi] [  restartedMain] com.zaxxer.hikari.HikariDataSource       : HikariPool-1 - Starting...
2026-06-23T02:16:33.858-05:00  INFO 13428 --- [sistema-bi] [  restartedMain] com.zaxxer.hikari.pool.HikariPool        : HikariPool-1 - Added connection org.postgresql.jdbc.PgConnection@3e5d4d1d
2026-06-23T02:16:33.859-05:00  INFO 13428 --- [sistema-bi] [  restartedMain] com.zaxxer.hikari.HikariDataSource       : HikariPool-1 - Start completed.
2026-06-23T02:16:33.880-05:00  INFO 13428 --- [sistema-bi] [  restartedMain] org.flywaydb.core.FlywayExecutor         : Database: jdbc:postgresql://localhost:5432/bi_banco (PostgreSQL 18.3)
2026-06-23T02:16:33.887-05:00  WARN 13428 --- [sistema-bi] [  restartedMain] o.f.c.internal.database.base.Database    : Flyway upgrade recommended: PostgreSQL 18.3 is newer than this version of Flyway and support has not been tested. The latest supported version of PostgreSQL is 17.
2026-06-23T02:16:33.924-05:00  INFO 13428 --- [sistema-bi] [  restartedMain] o.f.core.internal.command.DbValidate     : Successfully validated 12 migrations (execution time 00:00.026s)
2026-06-23T02:16:34.084-05:00  INFO 13428 --- [sistema-bi] [  restartedMain] o.f.core.internal.command.DbMigrate      : Current version of schema "public": 12
2026-06-23T02:16:34.085-05:00  INFO 13428 --- [sistema-bi] [  restartedMain] o.f.core.internal.command.DbMigrate      : Schema "public" is up to date. No migration necessary.
2026-06-23T02:16:34.178-05:00  INFO 13428 --- [sistema-bi] [  restartedMain] o.hibernate.jpa.internal.util.LogHelper  : HHH000204: Processing PersistenceUnitInfo [name: default]
2026-06-23T02:16:34.216-05:00  INFO 13428 --- [sistema-bi] [  restartedMain] org.hibernate.Version                    : HHH000412: Hibernate ORM core version 6.6.15.Final
2026-06-23T02:16:34.238-05:00  INFO 13428 --- [sistema-bi] [  restartedMain] o.h.c.internal.RegionFactoryInitiator    : HHH000026: Second-level cache disabled
2026-06-23T02:16:34.425-05:00  INFO 13428 --- [sistema-bi] [  restartedMain] o.s.o.j.p.SpringPersistenceUnitInfo      : No LoadTimeWeaver setup: ignoring JPA class transformer
2026-06-23T02:16:34.465-05:00  WARN 13428 --- [sistema-bi] [  restartedMain] org.hibernate.orm.deprecation            : HHH90000025: PostgreSQLDialect does not need to be specified explicitly using 'hibernate.dialect' (remove the property setting and it will be selected by default)
2026-06-23T02:16:34.475-05:00  INFO 13428 --- [sistema-bi] [  restartedMain] org.hibernate.orm.connections.pooling    : HHH10001005: Database info:
	Database JDBC URL [Connecting through datasource 'HikariDataSource (HikariPool-1)']
	Database driver: undefined/unknown
	Database version: 18.3
	Autocommit mode: undefined/unknown
	Isolation level: undefined/unknown
	Minimum pool size: undefined/unknown
	Maximum pool size: undefined/unknown
2026-06-23T02:16:35.438-05:00  INFO 13428 --- [sistema-bi] [  restartedMain] o.h.e.t.j.p.i.JtaPlatformInitiator       : HHH000489: No JTA platform available (set 'hibernate.transaction.jta.platform' to enable JTA platform integration)
2026-06-23T02:16:35.474-05:00  INFO 13428 --- [sistema-bi] [  restartedMain] j.LocalContainerEntityManagerFactoryBean : Initialized JPA EntityManagerFactory for persistence unit 'default'
2026-06-23T02:16:36.052-05:00  INFO 13428 --- [sistema-bi] [  restartedMain] o.s.d.j.r.query.QueryEnhancerFactory     : Hibernate is in classpath; If applicable, HQL parser will be used.
2026-06-23T02:16:38.094-05:00  INFO 13428 --- [sistema-bi] [  restartedMain] eAuthenticationProviderManagerConfigurer : Global AuthenticationManager configured with AuthenticationProvider bean with name authenticationProvider
2026-06-23T02:16:38.095-05:00  WARN 13428 --- [sistema-bi] [  restartedMain] r$InitializeUserDetailsManagerConfigurer : Global AuthenticationManager configured with an AuthenticationProvider bean. UserDetailsService beans will not be used by Spring Security for automatically configuring username/password login. Consider removing the AuthenticationProvider bean. Alternatively, consider using the UserDetailsService in a manually instantiated DaoAuthenticationProvider. If the current configuration is intentional, to turn off this warning, increase the logging level of 'org.springframework.security.config.annotation.authentication.configuration.InitializeUserDetailsBeanManagerConfigurer' to ERROR
2026-06-23T02:16:38.217-05:00  WARN 13428 --- [sistema-bi] [  restartedMain] JpaBaseConfiguration$JpaWebConfiguration : spring.jpa.open-in-view is enabled by default. Therefore, database queries may be performed during view rendering. Explicitly configure spring.jpa.open-in-view to disable this warning
2026-06-23T02:16:38.870-05:00  INFO 13428 --- [sistema-bi] [  restartedMain] o.s.b.a.h2.H2ConsoleAutoConfiguration    : H2 console available at '/h2-console'. Database available at 'jdbc:postgresql://localhost:5432/bi_banco'
2026-06-23T02:16:38.937-05:00  INFO 13428 --- [sistema-bi] [  restartedMain] o.s.b.d.a.OptionalLiveReloadServer       : LiveReload server is running on port 35729
2026-06-23T02:16:38.969-05:00  INFO 13428 --- [sistema-bi] [  restartedMain] o.s.b.w.embedded.tomcat.TomcatWebServer  : Tomcat started on port 8080 (http) with context path '/'
2026-06-23T02:16:38.975-05:00  INFO 13428 --- [sistema-bi] [  restartedMain] pe.com.banco.bi.SistemaBiApplication     : Started SistemaBiApplication in 7.507 seconds (process running for 7.809)
2026-06-23T02:20:22.523-05:00  INFO 13428 --- [sistema-bi] [   File Watcher] rtingClassPathChangeChangedEventListener : Restarting due to 9 class path changes (0 additions, 0 deletions, 9 modifications)
2026-06-23T02:20:22.525-05:00  INFO 13428 --- [sistema-bi] [       Thread-5] o.s.b.w.e.tomcat.GracefulShutdown        : Commencing graceful shutdown. Waiting for active requests to complete
2026-06-23T02:20:22.527-05:00  INFO 13428 --- [sistema-bi] [tomcat-shutdown] o.s.b.w.e.tomcat.GracefulShutdown        : Graceful shutdown complete
2026-06-23T02:20:22.531-05:00  INFO 13428 --- [sistema-bi] [       Thread-5] j.LocalContainerEntityManagerFactoryBean : Closing JPA EntityManagerFactory for persistence unit 'default'
2026-06-23T02:20:22.534-05:00  INFO 13428 --- [sistema-bi] [       Thread-5] com.zaxxer.hikari.HikariDataSource       : HikariPool-1 - Shutdown initiated...
2026-06-23T02:20:22.536-05:00  INFO 13428 --- [sistema-bi] [       Thread-5] com.zaxxer.hikari.HikariDataSource       : HikariPool-1 - Shutdown completed.

  .   ____          _            __ _ _
 /\\ / ___'_ __ _ _(_)_ __  __ _ \ \ \ \
( ( )\___ | '_ | '_| | '_ \/ _` | \ \ \ \
 \\/  ___)| |_)| | | | | || (_| |  ) ) ) )
  '  |____| .__|_| |_|_| |_\__, | / / / /
 =========|_|==============|___/=/_/_/_/

 :: Spring Boot ::                (v3.5.0)

2026-06-23T02:20:22.610-05:00  INFO 13428 --- [sistema-bi] [  restartedMain] pe.com.banco.bi.SistemaBiApplication     : Starting SistemaBiApplication using Java 21.0.2 with PID 13428 (E:\Documentos\SistemaBI\backend\target\classes started by alex in E:\Documentos\SistemaBI\backend)
2026-06-23T02:20:22.610-05:00  INFO 13428 --- [sistema-bi] [  restartedMain] pe.com.banco.bi.SistemaBiApplication     : No active profile set, falling back to 1 default profile: "default"
2026-06-23T02:20:22.826-05:00  INFO 13428 --- [sistema-bi] [  restartedMain] .s.d.r.c.RepositoryConfigurationDelegate : Bootstrapping Spring Data JPA repositories in DEFAULT mode.
2026-06-23T02:20:22.887-05:00  INFO 13428 --- [sistema-bi] [  restartedMain] .s.d.r.c.RepositoryConfigurationDelegate : Finished Spring Data repository scanning in 60 ms. Found 24 JPA repository interfaces.
2026-06-23T02:20:23.068-05:00  INFO 13428 --- [sistema-bi] [  restartedMain] o.s.b.w.embedded.tomcat.TomcatWebServer  : Tomcat initialized with port 8080 (http)
2026-06-23T02:20:23.071-05:00  INFO 13428 --- [sistema-bi] [  restartedMain] o.apache.catalina.core.StandardService   : Starting service [Tomcat]
2026-06-23T02:20:23.071-05:00  INFO 13428 --- [sistema-bi] [  restartedMain] o.apache.catalina.core.StandardEngine    : Starting Servlet engine: [Apache Tomcat/10.1.41]
2026-06-23T02:20:23.083-05:00  INFO 13428 --- [sistema-bi] [  restartedMain] o.a.c.c.C.[Tomcat].[localhost].[/]       : Initializing Spring embedded WebApplicationContext
2026-06-23T02:20:23.083-05:00  INFO 13428 --- [sistema-bi] [  restartedMain] w.s.c.ServletWebServerApplicationContext : Root WebApplicationContext: initialization completed in 472 ms
2026-06-23T02:20:23.146-05:00  INFO 13428 --- [sistema-bi] [  restartedMain] com.zaxxer.hikari.HikariDataSource       : HikariPool-2 - Starting...
2026-06-23T02:20:23.183-05:00  INFO 13428 --- [sistema-bi] [  restartedMain] com.zaxxer.hikari.pool.HikariPool        : HikariPool-2 - Added connection org.postgresql.jdbc.PgConnection@162f8f50
2026-06-23T02:20:23.183-05:00  INFO 13428 --- [sistema-bi] [  restartedMain] com.zaxxer.hikari.HikariDataSource       : HikariPool-2 - Start completed.
2026-06-23T02:20:23.185-05:00  INFO 13428 --- [sistema-bi] [  restartedMain] org.flywaydb.core.FlywayExecutor         : Database: jdbc:postgresql://localhost:5432/bi_banco (PostgreSQL 18.3)
2026-06-23T02:20:23.189-05:00  WARN 13428 --- [sistema-bi] [  restartedMain] o.f.c.internal.database.base.Database    : Flyway upgrade recommended: PostgreSQL 18.3 is newer than this version of Flyway and support has not been tested. The latest supported version of PostgreSQL is 17.
2026-06-23T02:20:23.201-05:00  INFO 13428 --- [sistema-bi] [  restartedMain] o.f.core.internal.command.DbValidate     : Successfully validated 12 migrations (execution time 00:00.008s)
2026-06-23T02:20:23.242-05:00  INFO 13428 --- [sistema-bi] [  restartedMain] o.f.core.internal.command.DbMigrate      : Current version of schema "public": 12
2026-06-23T02:20:23.242-05:00  INFO 13428 --- [sistema-bi] [  restartedMain] o.f.core.internal.command.DbMigrate      : Schema "public" is up to date. No migration necessary.
2026-06-23T02:20:23.279-05:00  INFO 13428 --- [sistema-bi] [  restartedMain] o.hibernate.jpa.internal.util.LogHelper  : HHH000204: Processing PersistenceUnitInfo [name: default]
2026-06-23T02:20:23.281-05:00  INFO 13428 --- [sistema-bi] [  restartedMain] o.h.c.internal.RegionFactoryInitiator    : HHH000026: Second-level cache disabled
2026-06-23T02:20:23.287-05:00  INFO 13428 --- [sistema-bi] [  restartedMain] o.s.o.j.p.SpringPersistenceUnitInfo      : No LoadTimeWeaver setup: ignoring JPA class transformer
2026-06-23T02:20:23.294-05:00  WARN 13428 --- [sistema-bi] [  restartedMain] org.hibernate.orm.deprecation            : HHH90000025: PostgreSQLDialect does not need to be specified explicitly using 'hibernate.dialect' (remove the property setting and it will be selected by default)
2026-06-23T02:20:23.295-05:00  INFO 13428 --- [sistema-bi] [  restartedMain] org.hibernate.orm.connections.pooling    : HHH10001005: Database info:
	Database JDBC URL [Connecting through datasource 'HikariDataSource (HikariPool-2)']
	Database driver: undefined/unknown
	Database version: 18.3
	Autocommit mode: undefined/unknown
	Isolation level: undefined/unknown
	Minimum pool size: undefined/unknown
	Maximum pool size: undefined/unknown
2026-06-23T02:20:23.519-05:00  INFO 13428 --- [sistema-bi] [  restartedMain] o.h.e.t.j.p.i.JtaPlatformInitiator       : HHH000489: No JTA platform available (set 'hibernate.transaction.jta.platform' to enable JTA platform integration)
2026-06-23T02:20:23.537-05:00  INFO 13428 --- [sistema-bi] [  restartedMain] j.LocalContainerEntityManagerFactoryBean : Initialized JPA EntityManagerFactory for persistence unit 'default'
2026-06-23T02:20:24.087-05:00  INFO 13428 --- [sistema-bi] [  restartedMain] eAuthenticationProviderManagerConfigurer : Global AuthenticationManager configured with AuthenticationProvider bean with name authenticationProvider
2026-06-23T02:20:24.087-05:00  WARN 13428 --- [sistema-bi] [  restartedMain] r$InitializeUserDetailsManagerConfigurer : Global AuthenticationManager configured with an AuthenticationProvider bean. UserDetailsService beans will not be used by Spring Security for automatically configuring username/password login. Consider removing the AuthenticationProvider bean. Alternatively, consider using the UserDetailsService in a manually instantiated DaoAuthenticationProvider. If the current configuration is intentional, to turn off this warning, increase the logging level of 'org.springframework.security.config.annotation.authentication.configuration.InitializeUserDetailsBeanManagerConfigurer' to ERROR
2026-06-23T02:20:24.148-05:00  WARN 13428 --- [sistema-bi] [  restartedMain] JpaBaseConfiguration$JpaWebConfiguration : spring.jpa.open-in-view is enabled by default. Therefore, database queries may be performed during view rendering. Explicitly configure spring.jpa.open-in-view to disable this warning
2026-06-23T02:20:24.506-05:00  INFO 13428 --- [sistema-bi] [  restartedMain] o.s.b.a.h2.H2ConsoleAutoConfiguration    : H2 console available at '/h2-console'. Database available at 'jdbc:postgresql://localhost:5432/bi_banco'
2026-06-23T02:20:24.536-05:00  INFO 13428 --- [sistema-bi] [  restartedMain] o.s.b.d.a.OptionalLiveReloadServer       : LiveReload server is running on port 35729
2026-06-23T02:20:24.550-05:00  INFO 13428 --- [sistema-bi] [  restartedMain] o.s.b.w.embedded.tomcat.TomcatWebServer  : Tomcat started on port 8080 (http) with context path '/'
2026-06-23T02:20:24.553-05:00  INFO 13428 --- [sistema-bi] [  restartedMain] pe.com.banco.bi.SistemaBiApplication     : Started SistemaBiApplication in 1.966 seconds (process running for 233.388)
2026-06-23T02:20:24.555-05:00  INFO 13428 --- [sistema-bi] [  restartedMain] .ConditionEvaluationDeltaLoggingListener : Condition evaluation unchanged
2026-06-23T02:26:22.773-05:00  INFO 13428 --- [sistema-bi] [   File Watcher] rtingClassPathChangeChangedEventListener : Restarting due to 223 class path changes (0 additions, 223 deletions, 0 modifications)
2026-06-23T02:26:22.775-05:00  INFO 13428 --- [sistema-bi] [       Thread-7] o.s.b.w.e.tomcat.GracefulShutdown        : Commencing graceful shutdown. Waiting for active requests to complete
2026-06-23T02:26:22.777-05:00  INFO 13428 --- [sistema-bi] [tomcat-shutdown] o.s.b.w.e.tomcat.GracefulShutdown        : Graceful shutdown complete
2026-06-23T02:26:22.779-05:00  INFO 13428 --- [sistema-bi] [       Thread-7] j.LocalContainerEntityManagerFactoryBean : Closing JPA EntityManagerFactory for persistence unit 'default'
2026-06-23T02:26:22.780-05:00  INFO 13428 --- [sistema-bi] [       Thread-7] com.zaxxer.hikari.HikariDataSource       : HikariPool-2 - Shutdown initiated...
2026-06-23T02:26:22.782-05:00  INFO 13428 --- [sistema-bi] [       Thread-7] com.zaxxer.hikari.HikariDataSource       : HikariPool-2 - Shutdown completed.

  .   ____          _            __ _ _
 /\\ / ___'_ __ _ _(_)_ __  __ _ \ \ \ \
( ( )\___ | '_ | '_| | '_ \/ _` | \ \ \ \
 \\/  ___)| |_)| | | | | || (_| |  ) ) ) )
  '  |____| .__|_| |_|_| |_\__, | / / / /
 =========|_|==============|___/=/_/_/_/

 :: Spring Boot ::                (v3.5.0)

2026-06-23T02:26:22.856-05:00  INFO 13428 --- [sistema-bi] [  restartedMain] pe.com.banco.bi.SistemaBiApplication     : Starting SistemaBiApplication using Java 21.0.2 with PID 13428 (started by alex in E:\Documentos\SistemaBI\backend)
2026-06-23T02:26:22.857-05:00  INFO 13428 --- [sistema-bi] [  restartedMain] pe.com.banco.bi.SistemaBiApplication     : No active profile set, falling back to 1 default profile: "default"
2026-06-23T02:26:23.029-05:00  INFO 13428 --- [sistema-bi] [  restartedMain] .s.d.r.c.RepositoryConfigurationDelegate : Bootstrapping Spring Data JPA repositories in DEFAULT mode.
2026-06-23T02:26:23.031-05:00  INFO 13428 --- [sistema-bi] [  restartedMain] .s.d.r.c.RepositoryConfigurationDelegate : Finished Spring Data repository scanning in 0 ms. Found 0 JPA repository interfaces.
2026-06-23T02:26:23.126-05:00  INFO 13428 --- [sistema-bi] [  restartedMain] o.s.b.w.embedded.tomcat.TomcatWebServer  : Tomcat initialized with port 8080 (http)
2026-06-23T02:26:23.126-05:00  INFO 13428 --- [sistema-bi] [  restartedMain] o.apache.catalina.core.StandardService   : Starting service [Tomcat]
2026-06-23T02:26:23.126-05:00  INFO 13428 --- [sistema-bi] [  restartedMain] o.apache.catalina.core.StandardEngine    : Starting Servlet engine: [Apache Tomcat/10.1.41]
2026-06-23T02:26:23.139-05:00  INFO 13428 --- [sistema-bi] [  restartedMain] o.a.c.c.C.[Tomcat].[localhost].[/]       : Initializing Spring embedded WebApplicationContext
2026-06-23T02:26:23.139-05:00  INFO 13428 --- [sistema-bi] [  restartedMain] w.s.c.ServletWebServerApplicationContext : Root WebApplicationContext: initialization completed in 280 ms
2026-06-23T02:26:23.165-05:00  INFO 13428 --- [sistema-bi] [  restartedMain] com.zaxxer.hikari.HikariDataSource       : HikariPool-3 - Starting...
2026-06-23T02:26:23.379-05:00  INFO 13428 --- [sistema-bi] [  restartedMain] com.zaxxer.hikari.pool.HikariPool        : HikariPool-3 - Added connection conn0: url=jdbc:h2:mem:07d8587a-0e34-4eb0-aaf5-8b1865282af3 user=SA
2026-06-23T02:26:23.379-05:00  INFO 13428 --- [sistema-bi] [  restartedMain] com.zaxxer.hikari.HikariDataSource       : HikariPool-3 - Start completed.
2026-06-23T02:26:23.437-05:00  INFO 13428 --- [sistema-bi] [  restartedMain] org.flywaydb.core.FlywayExecutor         : Database: jdbc:h2:mem:07d8587a-0e34-4eb0-aaf5-8b1865282af3 (H2 2.3)
2026-06-23T02:26:23.449-05:00  INFO 13428 --- [sistema-bi] [  restartedMain] o.f.c.i.s.JdbcTableSchemaHistory         : Schema history table "PUBLIC"."flyway_schema_history" does not exist yet
2026-06-23T02:26:23.449-05:00  INFO 13428 --- [sistema-bi] [  restartedMain] o.f.core.internal.command.DbValidate     : Successfully validated 0 migrations (execution time 00:00.002s)
2026-06-23T02:26:23.449-05:00  WARN 13428 --- [sistema-bi] [  restartedMain] o.f.core.internal.command.DbValidate     : No migrations found. Are your locations set up correctly?
2026-06-23T02:26:23.449-05:00  INFO 13428 --- [sistema-bi] [  restartedMain] o.f.c.i.s.JdbcTableSchemaHistory         : Creating Schema History table "PUBLIC"."flyway_schema_history" ...
2026-06-23T02:26:23.476-05:00  INFO 13428 --- [sistema-bi] [  restartedMain] o.f.core.internal.command.DbMigrate      : Current version of schema "PUBLIC": << Empty Schema >>
2026-06-23T02:26:23.476-05:00  INFO 13428 --- [sistema-bi] [  restartedMain] o.f.core.internal.command.DbMigrate      : Schema "PUBLIC" is up to date. No migration necessary.
2026-06-23T02:26:23.493-05:00  INFO 13428 --- [sistema-bi] [  restartedMain] o.hibernate.jpa.internal.util.LogHelper  : HHH000204: Processing PersistenceUnitInfo [name: default]
2026-06-23T02:26:23.493-05:00  INFO 13428 --- [sistema-bi] [  restartedMain] o.h.c.internal.RegionFactoryInitiator    : HHH000026: Second-level cache disabled
2026-06-23T02:26:23.499-05:00  INFO 13428 --- [sistema-bi] [  restartedMain] o.s.o.j.p.SpringPersistenceUnitInfo      : No LoadTimeWeaver setup: ignoring JPA class transformer
2026-06-23T02:26:23.531-05:00  INFO 13428 --- [sistema-bi] [  restartedMain] org.hibernate.orm.connections.pooling    : HHH10001005: Database info:
	Database JDBC URL [Connecting through datasource 'HikariDataSource (HikariPool-3)']
	Database driver: undefined/unknown
	Database version: 2.3.232
	Autocommit mode: undefined/unknown
	Isolation level: undefined/unknown
	Minimum pool size: undefined/unknown
	Maximum pool size: undefined/unknown
2026-06-23T02:26:23.550-05:00  INFO 13428 --- [sistema-bi] [  restartedMain] o.h.e.t.j.p.i.JtaPlatformInitiator       : HHH000489: No JTA platform available (set 'hibernate.transaction.jta.platform' to enable JTA platform integration)
2026-06-23T02:26:23.550-05:00  INFO 13428 --- [sistema-bi] [  restartedMain] j.LocalContainerEntityManagerFactoryBean : Initialized JPA EntityManagerFactory for persistence unit 'default'
2026-06-23T02:26:23.587-05:00  WARN 13428 --- [sistema-bi] [  restartedMain] JpaBaseConfiguration$JpaWebConfiguration : spring.jpa.open-in-view is enabled by default. Therefore, database queries may be performed during view rendering. Explicitly configure spring.jpa.open-in-view to disable this warning
2026-06-23T02:26:23.708-05:00  INFO 13428 --- [sistema-bi] [  restartedMain] o.s.b.a.h2.H2ConsoleAutoConfiguration    : H2 console available at '/h2-console'. Database available at 'jdbc:h2:mem:07d8587a-0e34-4eb0-aaf5-8b1865282af3'
2026-06-23T02:26:23.724-05:00  WARN 13428 --- [sistema-bi] [  restartedMain] .s.s.UserDetailsServiceAutoConfiguration : 

Using generated security password: 5e658094-df67-454b-810d-e4a654865334

This generated password is for development use only. Your security configuration must be updated before running your application in production.

2026-06-23T02:26:23.727-05:00  INFO 13428 --- [sistema-bi] [  restartedMain] r$InitializeUserDetailsManagerConfigurer : Global AuthenticationManager configured with UserDetailsService bean with name inMemoryUserDetailsManager
2026-06-23T02:26:23.759-05:00  INFO 13428 --- [sistema-bi] [  restartedMain] o.s.b.d.a.OptionalLiveReloadServer       : LiveReload server is running on port 35729
2026-06-23T02:26:23.769-05:00  INFO 13428 --- [sistema-bi] [  restartedMain] o.s.b.w.embedded.tomcat.TomcatWebServer  : Tomcat started on port 8080 (http) with context path '/'
2026-06-23T02:26:23.770-05:00  INFO 13428 --- [sistema-bi] [  restartedMain] pe.com.banco.bi.SistemaBiApplication     : Started SistemaBiApplication in 0.932 seconds (process running for 592.607)
2026-06-23T02:26:27.189-05:00  INFO 13428 --- [sistema-bi] [   File Watcher] rtingClassPathChangeChangedEventListener : Restarting due to 14 class path changes (14 additions, 0 deletions, 0 modifications)
2026-06-23T02:26:27.189-05:00  INFO 13428 --- [sistema-bi] [      Thread-11] o.s.b.w.e.tomcat.GracefulShutdown        : Commencing graceful shutdown. Waiting for active requests to complete
2026-06-23T02:26:27.189-05:00  INFO 13428 --- [sistema-bi] [tomcat-shutdown] o.s.b.w.e.tomcat.GracefulShutdown        : Graceful shutdown complete
2026-06-23T02:26:27.194-05:00  INFO 13428 --- [sistema-bi] [      Thread-11] j.LocalContainerEntityManagerFactoryBean : Closing JPA EntityManagerFactory for persistence unit 'default'
2026-06-23T02:26:27.194-05:00  WARN 13428 --- [sistema-bi] [      Thread-11] o.s.b.f.support.DisposableBeanAdapter    : Invocation of destroy method failed on bean with name 'inMemoryDatabaseShutdownExecutor': org.h2.jdbc.JdbcSQLNonTransientConnectionException: La base de datos ya esta cerrada (para des-habilitar el cerrado automatico durante el shutdown de la VM, agregue ";DB_CLOSE_ON_EXIT=FALSE" a la URL de conexión)
Database is already closed (to disable automatic closing at VM shutdown, add ";DB_CLOSE_ON_EXIT=FALSE" to the db URL) [90121-232]
2026-06-23T02:26:27.199-05:00  INFO 13428 --- [sistema-bi] [      Thread-11] com.zaxxer.hikari.HikariDataSource       : HikariPool-3 - Shutdown initiated...
2026-06-23T02:26:27.199-05:00  INFO 13428 --- [sistema-bi] [      Thread-11] com.zaxxer.hikari.HikariDataSource       : HikariPool-3 - Shutdown completed.

  .   ____          _            __ _ _
 /\\ / ___'_ __ _ _(_)_ __  __ _ \ \ \ \
( ( )\___ | '_ | '_| | '_ \/ _` | \ \ \ \
 \\/  ___)| |_)| | | | | || (_| |  ) ) ) )
  '  |____| .__|_| |_|_| |_\__, | / / / /
 =========|_|==============|___/=/_/_/_/

 :: Spring Boot ::                (v3.5.0)

2026-06-23T02:26:27.271-05:00  INFO 13428 --- [sistema-bi] [  restartedMain] pe.com.banco.bi.SistemaBiApplication     : Starting SistemaBiApplication using Java 21.0.2 with PID 13428 (E:\Documentos\SistemaBI\backend\target\classes started by alex in E:\Documentos\SistemaBI\backend)
2026-06-23T02:26:27.271-05:00  INFO 13428 --- [sistema-bi] [  restartedMain] pe.com.banco.bi.SistemaBiApplication     : No active profile set, falling back to 1 default profile: "default"
2026-06-23T02:26:27.382-05:00  INFO 13428 --- [sistema-bi] [  restartedMain] .s.d.r.c.RepositoryConfigurationDelegate : Bootstrapping Spring Data JPA repositories in DEFAULT mode.
2026-06-23T02:26:27.382-05:00  INFO 13428 --- [sistema-bi] [  restartedMain] .s.d.r.c.RepositoryConfigurationDelegate : Finished Spring Data repository scanning in 0 ms. Found 0 JPA repository interfaces.
2026-06-23T02:26:27.439-05:00  INFO 13428 --- [sistema-bi] [  restartedMain] o.s.b.w.embedded.tomcat.TomcatWebServer  : Tomcat initialized with port 8080 (http)
2026-06-23T02:26:27.439-05:00  INFO 13428 --- [sistema-bi] [  restartedMain] o.apache.catalina.core.StandardService   : Starting service [Tomcat]
2026-06-23T02:26:27.439-05:00  INFO 13428 --- [sistema-bi] [  restartedMain] o.apache.catalina.core.StandardEngine    : Starting Servlet engine: [Apache Tomcat/10.1.41]
2026-06-23T02:26:27.449-05:00  INFO 13428 --- [sistema-bi] [  restartedMain] o.a.c.c.C.[Tomcat].[localhost].[/]       : Initializing Spring embedded WebApplicationContext
2026-06-23T02:26:27.449-05:00  INFO 13428 --- [sistema-bi] [  restartedMain] w.s.c.ServletWebServerApplicationContext : Root WebApplicationContext: initialization completed in 178 ms
2026-06-23T02:26:27.471-05:00  INFO 13428 --- [sistema-bi] [  restartedMain] com.zaxxer.hikari.HikariDataSource       : HikariPool-4 - Starting...
2026-06-23T02:26:27.519-05:00  INFO 13428 --- [sistema-bi] [  restartedMain] com.zaxxer.hikari.pool.HikariPool        : HikariPool-4 - Added connection org.postgresql.jdbc.PgConnection@40962cab
2026-06-23T02:26:27.519-05:00  INFO 13428 --- [sistema-bi] [  restartedMain] com.zaxxer.hikari.HikariDataSource       : HikariPool-4 - Start completed.
2026-06-23T02:26:27.519-05:00  INFO 13428 --- [sistema-bi] [  restartedMain] org.flywaydb.core.FlywayExecutor         : Database: jdbc:postgresql://localhost:5432/bi_banco (PostgreSQL 18.3)
2026-06-23T02:26:27.521-05:00  WARN 13428 --- [sistema-bi] [  restartedMain] o.f.c.internal.database.base.Database    : Flyway upgrade recommended: PostgreSQL 18.3 is newer than this version of Flyway and support has not been tested. The latest supported version of PostgreSQL is 17.
2026-06-23T02:26:27.539-05:00  INFO 13428 --- [sistema-bi] [  restartedMain] o.f.core.internal.command.DbValidate     : Successfully validated 12 migrations (execution time 00:00.012s)
2026-06-23T02:26:27.582-05:00  INFO 13428 --- [sistema-bi] [  restartedMain] o.f.core.internal.command.DbMigrate      : Current version of schema "public": 12
2026-06-23T02:26:27.582-05:00  INFO 13428 --- [sistema-bi] [  restartedMain] o.f.core.internal.command.DbMigrate      : Schema "public" is up to date. No migration necessary.
2026-06-23T02:26:27.595-05:00  INFO 13428 --- [sistema-bi] [  restartedMain] o.hibernate.jpa.internal.util.LogHelper  : HHH000204: Processing PersistenceUnitInfo [name: default]
2026-06-23T02:26:27.595-05:00  INFO 13428 --- [sistema-bi] [  restartedMain] o.h.c.internal.RegionFactoryInitiator    : HHH000026: Second-level cache disabled
2026-06-23T02:26:27.599-05:00  INFO 13428 --- [sistema-bi] [  restartedMain] o.s.o.j.p.SpringPersistenceUnitInfo      : No LoadTimeWeaver setup: ignoring JPA class transformer
2026-06-23T02:26:27.604-05:00  WARN 13428 --- [sistema-bi] [  restartedMain] org.hibernate.orm.deprecation            : HHH90000025: PostgreSQLDialect does not need to be specified explicitly using 'hibernate.dialect' (remove the property setting and it will be selected by default)
2026-06-23T02:26:27.604-05:00  INFO 13428 --- [sistema-bi] [  restartedMain] org.hibernate.orm.connections.pooling    : HHH10001005: Database info:
	Database JDBC URL [Connecting through datasource 'HikariDataSource (HikariPool-4)']
	Database driver: undefined/unknown
	Database version: 18.3
	Autocommit mode: undefined/unknown
	Isolation level: undefined/unknown
	Minimum pool size: undefined/unknown
	Maximum pool size: undefined/unknown
2026-06-23T02:26:27.619-05:00  INFO 13428 --- [sistema-bi] [  restartedMain] o.h.e.t.j.p.i.JtaPlatformInitiator       : HHH000489: No JTA platform available (set 'hibernate.transaction.jta.platform' to enable JTA platform integration)
2026-06-23T02:26:27.619-05:00  INFO 13428 --- [sistema-bi] [  restartedMain] j.LocalContainerEntityManagerFactoryBean : Initialized JPA EntityManagerFactory for persistence unit 'default'
2026-06-23T02:26:27.643-05:00  WARN 13428 --- [sistema-bi] [  restartedMain] JpaBaseConfiguration$JpaWebConfiguration : spring.jpa.open-in-view is enabled by default. Therefore, database queries may be performed during view rendering. Explicitly configure spring.jpa.open-in-view to disable this warning
2026-06-23T02:26:27.743-05:00  INFO 13428 --- [sistema-bi] [  restartedMain] o.s.b.a.h2.H2ConsoleAutoConfiguration    : H2 console available at '/h2-console'. Database available at 'jdbc:postgresql://localhost:5432/bi_banco'
2026-06-23T02:26:27.749-05:00  WARN 13428 --- [sistema-bi] [  restartedMain] .s.s.UserDetailsServiceAutoConfiguration : 

Using generated security password: 5dcee3cc-a560-4841-82ae-398411d2357b

This generated password is for development use only. Your security configuration must be updated before running your application in production.

2026-06-23T02:26:27.759-05:00  INFO 13428 --- [sistema-bi] [  restartedMain] r$InitializeUserDetailsManagerConfigurer : Global AuthenticationManager configured with UserDetailsService bean with name inMemoryUserDetailsManager
2026-06-23T02:26:27.777-05:00  INFO 13428 --- [sistema-bi] [  restartedMain] o.s.b.d.a.OptionalLiveReloadServer       : LiveReload server is running on port 35729
2026-06-23T02:26:27.789-05:00  INFO 13428 --- [sistema-bi] [  restartedMain] o.s.b.w.embedded.tomcat.TomcatWebServer  : Tomcat started on port 8080 (http) with context path '/'
2026-06-23T02:26:27.793-05:00  INFO 13428 --- [sistema-bi] [  restartedMain] pe.com.banco.bi.SistemaBiApplication     : Started SistemaBiApplication in 0.544 seconds (process running for 596.631)
2026-06-23T02:26:27.800-05:00  INFO 13428 --- [sistema-bi] [  restartedMain] .ConditionEvaluationDeltaLoggingListener : Condition evaluation delta:


==========================
CONDITION EVALUATION DELTA
==========================


Positive matches:
-----------------

   SpringBootWebSecurityConfiguration.SecurityFilterChainConfiguration matched:
      - AllNestedConditions 2 matched 0 did not; NestedCondition on DefaultWebSecurityCondition.Beans @ConditionalOnMissingBean (types: org.springframework.security.web.SecurityFilterChain; SearchStrategy: all) did not find any beans; NestedCondition on DefaultWebSecurityCondition.Classes @ConditionalOnClass found required classes 'org.springframework.security.web.SecurityFilterChain', 'org.springframework.security.config.annotation.web.builders.HttpSecurity' (DefaultWebSecurityCondition)

   SpringBootWebSecurityConfiguration.WebSecurityEnablerConfiguration matched:
      - @ConditionalOnClass found required class 'org.springframework.security.config.annotation.web.configuration.EnableWebSecurity' (OnClassCondition)
      - @ConditionalOnMissingBean (names: springSecurityFilterChain; SearchStrategy: all) did not find any beans (OnBeanCondition)

   UserDetailsServiceAutoConfiguration matched:
      - @ConditionalOnClass found required class 'org.springframework.security.authentication.AuthenticationManager' (OnClassCondition)
      - found 'session' scope (OnWebApplicationCondition)
      - AnyNestedCondition 1 matched 2 did not; NestedCondition on UserDetailsServiceAutoConfiguration.MissingAlternativeOrUserPropertiesConfigured.PasswordConfigured @ConditionalOnProperty (spring.security.user.password) did not find property 'spring.security.user.password'; NestedCondition on UserDetailsServiceAutoConfiguration.MissingAlternativeOrUserPropertiesConfigured.NameConfigured @ConditionalOnProperty (spring.security.user.name) did not find property 'spring.security.user.name'; NestedCondition on UserDetailsServiceAutoConfiguration.MissingAlternativeOrUserPropertiesConfigured.MissingAlternative @ConditionalOnMissingClass did not find unwanted classes 'org.springframework.security.oauth2.client.registration.ClientRegistrationRepository', 'org.springframework.security.oauth2.server.resource.introspection.OpaqueTokenIntrospector', 'org.springframework.security.saml2.provider.service.registration.RelyingPartyRegistrationRepository' (UserDetailsServiceAutoConfiguration.MissingAlternativeOrUserPropertiesConfigured)
      - @ConditionalOnBean (types: org.springframework.security.config.ObjectPostProcessor; SearchStrategy: all) found beans 'objectPostProcessor', 'webAuthorizationManagerPostProcessor', 'filterChainDecoratorPostProcessor', 'authenticationManagerPostProcessor'; @ConditionalOnMissingBean (types: org.springframework.security.authentication.AuthenticationManager,org.springframework.security.authentication.AuthenticationProvider,org.springframework.security.core.userdetails.UserDetailsService,org.springframework.security.authentication.AuthenticationManagerResolver,?; SearchStrategy: all) did not find any beans (OnBeanCondition)


Negative matches:
-----------------

    None


Exclusions:
-----------

    None


Unconditional classes:
----------------------

    None



2026-06-23T02:26:30.218-05:00  INFO 13428 --- [sistema-bi] [   File Watcher] rtingClassPathChangeChangedEventListener : Restarting due to 9 class path changes (9 additions, 0 deletions, 0 modifications)
2026-06-23T02:26:30.219-05:00  INFO 13428 --- [sistema-bi] [      Thread-15] o.s.b.w.e.tomcat.GracefulShutdown        : Commencing graceful shutdown. Waiting for active requests to complete
2026-06-23T02:26:30.222-05:00  INFO 13428 --- [sistema-bi] [tomcat-shutdown] o.s.b.w.e.tomcat.GracefulShutdown        : Graceful shutdown complete
2026-06-23T02:26:30.223-05:00  INFO 13428 --- [sistema-bi] [      Thread-15] j.LocalContainerEntityManagerFactoryBean : Closing JPA EntityManagerFactory for persistence unit 'default'
2026-06-23T02:26:30.223-05:00  INFO 13428 --- [sistema-bi] [      Thread-15] com.zaxxer.hikari.HikariDataSource       : HikariPool-4 - Shutdown initiated...
2026-06-23T02:26:30.229-05:00  INFO 13428 --- [sistema-bi] [      Thread-15] com.zaxxer.hikari.HikariDataSource       : HikariPool-4 - Shutdown completed.

  .   ____          _            __ _ _
 /\\ / ___'_ __ _ _(_)_ __  __ _ \ \ \ \
( ( )\___ | '_ | '_| | '_ \/ _` | \ \ \ \
 \\/  ___)| |_)| | | | | || (_| |  ) ) ) )
  '  |____| .__|_| |_|_| |_\__, | / / / /
 =========|_|==============|___/=/_/_/_/

 :: Spring Boot ::                (v3.5.0)

2026-06-23T02:26:30.299-05:00  INFO 13428 --- [sistema-bi] [  restartedMain] pe.com.banco.bi.SistemaBiApplication     : Starting SistemaBiApplication using Java 21.0.2 with PID 13428 (E:\Documentos\SistemaBI\backend\target\classes started by alex in E:\Documentos\SistemaBI\backend)
2026-06-23T02:26:30.299-05:00  INFO 13428 --- [sistema-bi] [  restartedMain] pe.com.banco.bi.SistemaBiApplication     : No active profile set, falling back to 1 default profile: "default"
2026-06-23T02:26:30.506-05:00  INFO 13428 --- [sistema-bi] [  restartedMain] .s.d.r.c.RepositoryConfigurationDelegate : Bootstrapping Spring Data JPA repositories in DEFAULT mode.
2026-06-23T02:26:30.623-05:00  INFO 13428 --- [sistema-bi] [  restartedMain] .s.d.r.c.RepositoryConfigurationDelegate : Finished Spring Data repository scanning in 113 ms. Found 14 JPA repository interfaces.
2026-06-23T02:26:30.858-05:00  INFO 13428 --- [sistema-bi] [  restartedMain] o.s.b.w.embedded.tomcat.TomcatWebServer  : Tomcat initialized with port 8080 (http)
2026-06-23T02:26:30.860-05:00  INFO 13428 --- [sistema-bi] [  restartedMain] o.apache.catalina.core.StandardService   : Starting service [Tomcat]
2026-06-23T02:26:30.860-05:00  INFO 13428 --- [sistema-bi] [  restartedMain] o.apache.catalina.core.StandardEngine    : Starting Servlet engine: [Apache Tomcat/10.1.41]
2026-06-23T02:26:30.886-05:00  INFO 13428 --- [sistema-bi] [  restartedMain] o.a.c.c.C.[Tomcat].[localhost].[/]       : Initializing Spring embedded WebApplicationContext
2026-06-23T02:26:30.889-05:00  INFO 13428 --- [sistema-bi] [  restartedMain] w.s.c.ServletWebServerApplicationContext : Root WebApplicationContext: initialization completed in 590 ms
2026-06-23T02:26:30.962-05:00  INFO 13428 --- [sistema-bi] [  restartedMain] com.zaxxer.hikari.HikariDataSource       : HikariPool-5 - Starting...
2026-06-23T02:26:31.123-05:00  INFO 13428 --- [sistema-bi] [  restartedMain] com.zaxxer.hikari.pool.HikariPool        : HikariPool-5 - Added connection org.postgresql.jdbc.PgConnection@2b6f4593
2026-06-23T02:26:31.126-05:00  INFO 13428 --- [sistema-bi] [  restartedMain] com.zaxxer.hikari.HikariDataSource       : HikariPool-5 - Start completed.
2026-06-23T02:26:31.128-05:00  INFO 13428 --- [sistema-bi] [  restartedMain] org.flywaydb.core.FlywayExecutor         : Database: jdbc:postgresql://localhost:5432/bi_banco (PostgreSQL 18.3)
2026-06-23T02:26:31.139-05:00  WARN 13428 --- [sistema-bi] [  restartedMain] o.f.c.internal.database.base.Database    : Flyway upgrade recommended: PostgreSQL 18.3 is newer than this version of Flyway and support has not been tested. The latest supported version of PostgreSQL is 17.
2026-06-23T02:26:31.165-05:00  INFO 13428 --- [sistema-bi] [  restartedMain] o.f.core.internal.command.DbValidate     : Successfully validated 12 migrations (execution time 00:00.018s)
2026-06-23T02:26:31.234-05:00  INFO 13428 --- [sistema-bi] [  restartedMain] o.f.core.internal.command.DbMigrate      : Current version of schema "public": 12
2026-06-23T02:26:31.239-05:00  INFO 13428 --- [sistema-bi] [  restartedMain] o.f.core.internal.command.DbMigrate      : Schema "public" is up to date. No migration necessary.
2026-06-23T02:26:31.614-05:00  INFO 13428 --- [sistema-bi] [  restartedMain] o.hibernate.jpa.internal.util.LogHelper  : HHH000204: Processing PersistenceUnitInfo [name: default]
2026-06-23T02:26:31.614-05:00  INFO 13428 --- [sistema-bi] [  restartedMain] o.h.c.internal.RegionFactoryInitiator    : HHH000026: Second-level cache disabled
2026-06-23T02:26:31.619-05:00  INFO 13428 --- [sistema-bi] [  restartedMain] o.s.o.j.p.SpringPersistenceUnitInfo      : No LoadTimeWeaver setup: ignoring JPA class transformer
2026-06-23T02:26:31.629-05:00  WARN 13428 --- [sistema-bi] [  restartedMain] org.hibernate.orm.deprecation            : HHH90000025: PostgreSQLDialect does not need to be specified explicitly using 'hibernate.dialect' (remove the property setting and it will be selected by default)
2026-06-23T02:26:31.629-05:00  INFO 13428 --- [sistema-bi] [  restartedMain] org.hibernate.orm.connections.pooling    : HHH10001005: Database info:
	Database JDBC URL [Connecting through datasource 'HikariDataSource (HikariPool-5)']
	Database driver: undefined/unknown
	Database version: 18.3
	Autocommit mode: undefined/unknown
	Isolation level: undefined/unknown
	Minimum pool size: undefined/unknown
	Maximum pool size: undefined/unknown
2026-06-23T02:26:32.191-05:00  INFO 13428 --- [sistema-bi] [  restartedMain] o.h.e.t.j.p.i.JtaPlatformInitiator       : HHH000489: No JTA platform available (set 'hibernate.transaction.jta.platform' to enable JTA platform integration)
2026-06-23T02:26:32.231-05:00  INFO 13428 --- [sistema-bi] [  restartedMain] j.LocalContainerEntityManagerFactoryBean : Initialized JPA EntityManagerFactory for persistence unit 'default'
2026-06-23T02:26:32.425-05:00  WARN 13428 --- [sistema-bi] [  restartedMain] ConfigServletWebServerApplicationContext : Exception encountered during context initialization - cancelling refresh attempt: org.springframework.beans.factory.UnsatisfiedDependencyException: Error creating bean with name 'catalogoController' defined in file [E:\Documentos\SistemaBI\backend\target\classes\pe\com\banco\bi\catalog\controller\CatalogoController.class]: Unsatisfied dependency expressed through constructor parameter 0: Error creating bean with name 'catalogoService' defined in file [E:\Documentos\SistemaBI\backend\target\classes\pe\com\banco\bi\catalog\service\CatalogoService.class]: Unsatisfied dependency expressed through constructor parameter 12: No qualifying bean of type 'pe.com.banco.bi.catalog.mapper.CatalogoMapper' available: expected at least 1 bean which qualifies as autowire candidate. Dependency annotations: {}
2026-06-23T02:26:32.425-05:00  INFO 13428 --- [sistema-bi] [  restartedMain] j.LocalContainerEntityManagerFactoryBean : Closing JPA EntityManagerFactory for persistence unit 'default'
2026-06-23T02:26:32.425-05:00  INFO 13428 --- [sistema-bi] [  restartedMain] com.zaxxer.hikari.HikariDataSource       : HikariPool-5 - Shutdown initiated...
2026-06-23T02:26:32.429-05:00  INFO 13428 --- [sistema-bi] [  restartedMain] com.zaxxer.hikari.HikariDataSource       : HikariPool-5 - Shutdown completed.
2026-06-23T02:26:32.429-05:00  INFO 13428 --- [sistema-bi] [  restartedMain] o.apache.catalina.core.StandardService   : Stopping service [Tomcat]
2026-06-23T02:26:32.439-05:00  INFO 13428 --- [sistema-bi] [  restartedMain] .s.b.a.l.ConditionEvaluationReportLogger : 

Error starting ApplicationContext. To display the condition evaluation report re-run your application with 'debug' enabled.
2026-06-23T02:26:32.469-05:00 ERROR 13428 --- [sistema-bi] [  restartedMain] o.s.b.d.LoggingFailureAnalysisReporter   : 

***************************
APPLICATION FAILED TO START
***************************

Description:

Parameter 12 of constructor in pe.com.banco.bi.catalog.service.CatalogoService required a bean of type 'pe.com.banco.bi.catalog.mapper.CatalogoMapper' that could not be found.


Action:

Consider defining a bean of type 'pe.com.banco.bi.catalog.mapper.CatalogoMapper' in your configuration.


  .   ____          _            __ _ _
 /\\ / ___'_ __ _ _(_)_ __  __ _ \ \ \ \
( ( )\___ | '_ | '_| | '_ \/ _` | \ \ \ \
 \\/  ___)| |_)| | | | | || (_| |  ) ) ) )
  '  |____| .__|_| |_|_| |_\__, | / / / /
 =========|_|==============|___/=/_/_/_/

 :: Spring Boot ::                (v3.5.0)

2026-06-23T02:26:33.953-05:00  INFO 13428 --- [sistema-bi] [  restartedMain] pe.com.banco.bi.SistemaBiApplication     : Starting SistemaBiApplication using Java 21.0.2 with PID 13428 (E:\Documentos\SistemaBI\backend\target\classes started by alex in E:\Documentos\SistemaBI\backend)
2026-06-23T02:26:33.953-05:00  INFO 13428 --- [sistema-bi] [  restartedMain] pe.com.banco.bi.SistemaBiApplication     : No active profile set, falling back to 1 default profile: "default"
2026-06-23T02:26:34.329-05:00  INFO 13428 --- [sistema-bi] [  restartedMain] .s.d.r.c.RepositoryConfigurationDelegate : Bootstrapping Spring Data JPA repositories in DEFAULT mode.
2026-06-23T02:26:34.456-05:00  INFO 13428 --- [sistema-bi] [  restartedMain] .s.d.r.c.RepositoryConfigurationDelegate : Finished Spring Data repository scanning in 124 ms. Found 24 JPA repository interfaces.
2026-06-23T02:26:34.708-05:00  INFO 13428 --- [sistema-bi] [  restartedMain] o.s.b.w.embedded.tomcat.TomcatWebServer  : Tomcat initialized with port 8080 (http)
2026-06-23T02:26:34.709-05:00  INFO 13428 --- [sistema-bi] [  restartedMain] o.apache.catalina.core.StandardService   : Starting service [Tomcat]
2026-06-23T02:26:34.709-05:00  INFO 13428 --- [sistema-bi] [  restartedMain] o.apache.catalina.core.StandardEngine    : Starting Servlet engine: [Apache Tomcat/10.1.41]
2026-06-23T02:26:34.726-05:00  INFO 13428 --- [sistema-bi] [  restartedMain] o.a.c.c.C.[Tomcat-1].[localhost].[/]     : Initializing Spring embedded WebApplicationContext
2026-06-23T02:26:34.726-05:00  INFO 13428 --- [sistema-bi] [  restartedMain] w.s.c.ServletWebServerApplicationContext : Root WebApplicationContext: initialization completed in 772 ms
2026-06-23T02:26:34.794-05:00  INFO 13428 --- [sistema-bi] [  restartedMain] com.zaxxer.hikari.HikariDataSource       : HikariPool-6 - Starting...
2026-06-23T02:26:34.844-05:00  INFO 13428 --- [sistema-bi] [  restartedMain] com.zaxxer.hikari.pool.HikariPool        : HikariPool-6 - Added connection org.postgresql.jdbc.PgConnection@667e3a16
2026-06-23T02:26:34.844-05:00  INFO 13428 --- [sistema-bi] [  restartedMain] com.zaxxer.hikari.HikariDataSource       : HikariPool-6 - Start completed.
2026-06-23T02:26:34.844-05:00  INFO 13428 --- [sistema-bi] [  restartedMain] org.flywaydb.core.FlywayExecutor         : Database: jdbc:postgresql://localhost:5432/bi_banco (PostgreSQL 18.3)
2026-06-23T02:26:34.853-05:00  WARN 13428 --- [sistema-bi] [  restartedMain] o.f.c.internal.database.base.Database    : Flyway upgrade recommended: PostgreSQL 18.3 is newer than this version of Flyway and support has not been tested. The latest supported version of PostgreSQL is 17.
2026-06-23T02:26:34.861-05:00  INFO 13428 --- [sistema-bi] [  restartedMain] o.f.core.internal.command.DbValidate     : Successfully validated 12 migrations (execution time 00:00.010s)
2026-06-23T02:26:34.921-05:00  INFO 13428 --- [sistema-bi] [  restartedMain] o.f.core.internal.command.DbMigrate      : Current version of schema "public": 12
2026-06-23T02:26:34.921-05:00  INFO 13428 --- [sistema-bi] [  restartedMain] o.f.core.internal.command.DbMigrate      : Schema "public" is up to date. No migration necessary.
2026-06-23T02:26:34.982-05:00  INFO 13428 --- [sistema-bi] [  restartedMain] o.hibernate.jpa.internal.util.LogHelper  : HHH000204: Processing PersistenceUnitInfo [name: default]
2026-06-23T02:26:34.986-05:00  INFO 13428 --- [sistema-bi] [  restartedMain] o.h.c.internal.RegionFactoryInitiator    : HHH000026: Second-level cache disabled
2026-06-23T02:26:34.997-05:00  INFO 13428 --- [sistema-bi] [  restartedMain] o.s.o.j.p.SpringPersistenceUnitInfo      : No LoadTimeWeaver setup: ignoring JPA class transformer
2026-06-23T02:26:35.007-05:00  WARN 13428 --- [sistema-bi] [  restartedMain] org.hibernate.orm.deprecation            : HHH90000025: PostgreSQLDialect does not need to be specified explicitly using 'hibernate.dialect' (remove the property setting and it will be selected by default)
2026-06-23T02:26:35.008-05:00  INFO 13428 --- [sistema-bi] [  restartedMain] org.hibernate.orm.connections.pooling    : HHH10001005: Database info:
	Database JDBC URL [Connecting through datasource 'HikariDataSource (HikariPool-6)']
	Database driver: undefined/unknown
	Database version: 18.3
	Autocommit mode: undefined/unknown
	Isolation level: undefined/unknown
	Minimum pool size: undefined/unknown
	Maximum pool size: undefined/unknown
2026-06-23T02:26:35.451-05:00  INFO 13428 --- [sistema-bi] [  restartedMain] o.h.e.t.j.p.i.JtaPlatformInitiator       : HHH000489: No JTA platform available (set 'hibernate.transaction.jta.platform' to enable JTA platform integration)
2026-06-23T02:26:35.473-05:00  INFO 13428 --- [sistema-bi] [  restartedMain] j.LocalContainerEntityManagerFactoryBean : Initialized JPA EntityManagerFactory for persistence unit 'default'
2026-06-23T02:26:36.084-05:00  INFO 13428 --- [sistema-bi] [  restartedMain] eAuthenticationProviderManagerConfigurer : Global AuthenticationManager configured with AuthenticationProvider bean with name authenticationProvider
2026-06-23T02:26:36.084-05:00  WARN 13428 --- [sistema-bi] [  restartedMain] r$InitializeUserDetailsManagerConfigurer : Global AuthenticationManager configured with an AuthenticationProvider bean. UserDetailsService beans will not be used by Spring Security for automatically configuring username/password login. Consider removing the AuthenticationProvider bean. Alternatively, consider using the UserDetailsService in a manually instantiated DaoAuthenticationProvider. If the current configuration is intentional, to turn off this warning, increase the logging level of 'org.springframework.security.config.annotation.authentication.configuration.InitializeUserDetailsBeanManagerConfigurer' to ERROR
2026-06-23T02:26:36.140-05:00  WARN 13428 --- [sistema-bi] [  restartedMain] JpaBaseConfiguration$JpaWebConfiguration : spring.jpa.open-in-view is enabled by default. Therefore, database queries may be performed during view rendering. Explicitly configure spring.jpa.open-in-view to disable this warning
2026-06-23T02:26:36.550-05:00  INFO 13428 --- [sistema-bi] [  restartedMain] o.s.b.a.h2.H2ConsoleAutoConfiguration    : H2 console available at '/h2-console'. Database available at 'jdbc:postgresql://localhost:5432/bi_banco'
2026-06-23T02:26:36.594-05:00  INFO 13428 --- [sistema-bi] [  restartedMain] o.s.b.d.a.OptionalLiveReloadServer       : LiveReload server is running on port 35729
2026-06-23T02:26:36.606-05:00  INFO 13428 --- [sistema-bi] [  restartedMain] o.s.b.w.embedded.tomcat.TomcatWebServer  : Tomcat started on port 8080 (http) with context path '/'
2026-06-23T02:26:36.609-05:00  INFO 13428 --- [sistema-bi] [  restartedMain] pe.com.banco.bi.SistemaBiApplication     : Started SistemaBiApplication in 2.68 seconds (process running for 605.445)
2026-06-23T02:26:36.609-05:00  INFO 13428 --- [sistema-bi] [  restartedMain] .ConditionEvaluationDeltaLoggingListener : Condition evaluation delta:


==========================
CONDITION EVALUATION DELTA
==========================


Positive matches:
-----------------

    None


Negative matches:
-----------------

   SpringBootWebSecurityConfiguration.SecurityFilterChainConfiguration:
      Did not match:
         - AllNestedConditions 1 matched 1 did not; NestedCondition on DefaultWebSecurityCondition.Beans @ConditionalOnMissingBean (types: org.springframework.security.web.SecurityFilterChain; SearchStrategy: all) found beans of type 'org.springframework.security.web.SecurityFilterChain' securityFilterChain; NestedCondition on DefaultWebSecurityCondition.Classes @ConditionalOnClass found required classes 'org.springframework.security.web.SecurityFilterChain', 'org.springframework.security.config.annotation.web.builders.HttpSecurity' (DefaultWebSecurityCondition)

   SpringBootWebSecurityConfiguration.WebSecurityEnablerConfiguration:
      Did not match:
         - @ConditionalOnMissingBean (names: springSecurityFilterChain; SearchStrategy: all) found beans named springSecurityFilterChain (OnBeanCondition)
      Matched:
         - @ConditionalOnClass found required class 'org.springframework.security.config.annotation.web.configuration.EnableWebSecurity' (OnClassCondition)

   UserDetailsServiceAutoConfiguration:
      Did not match:
         - @ConditionalOnMissingBean (types: org.springframework.security.authentication.AuthenticationManager,org.springframework.security.authentication.AuthenticationProvider,org.springframework.security.core.userdetails.UserDetailsService,org.springframework.security.authentication.AuthenticationManagerResolver,?; SearchStrategy: all) found beans of type 'org.springframework.security.authentication.AuthenticationManager' authenticationManager and found beans of type 'org.springframework.security.core.userdetails.UserDetailsService' userDetailsServiceImpl and found beans of type 'org.springframework.security.authentication.AuthenticationProvider' authenticationProvider (OnBeanCondition)
      Matched:
         - @ConditionalOnClass found required class 'org.springframework.security.authentication.AuthenticationManager' (OnClassCondition)
         - found 'session' scope (OnWebApplicationCondition)
         - AnyNestedCondition 1 matched 2 did not; NestedCondition on UserDetailsServiceAutoConfiguration.MissingAlternativeOrUserPropertiesConfigured.PasswordConfigured @ConditionalOnProperty (spring.security.user.password) did not find property 'spring.security.user.password'; NestedCondition on UserDetailsServiceAutoConfiguration.MissingAlternativeOrUserPropertiesConfigured.NameConfigured @ConditionalOnProperty (spring.security.user.name) did not find property 'spring.security.user.name'; NestedCondition on UserDetailsServiceAutoConfiguration.MissingAlternativeOrUserPropertiesConfigured.MissingAlternative @ConditionalOnMissingClass did not find unwanted classes 'org.springframework.security.oauth2.client.registration.ClientRegistrationRepository', 'org.springframework.security.oauth2.server.resource.introspection.OpaqueTokenIntrospector', 'org.springframework.security.saml2.provider.service.registration.RelyingPartyRegistrationRepository' (UserDetailsServiceAutoConfiguration.MissingAlternativeOrUserPropertiesConfigured)


Exclusions:
-----------

    None


Unconditional classes:
----------------------

    None



2026-06-23T02:26:38.019-05:00  INFO 13428 --- [sistema-bi] [   File Watcher] rtingClassPathChangeChangedEventListener : Restarting due to 5 class path changes (0 additions, 5 deletions, 0 modifications)
2026-06-23T02:26:38.019-05:00  INFO 13428 --- [sistema-bi] [      Thread-20] o.s.b.w.e.tomcat.GracefulShutdown        : Commencing graceful shutdown. Waiting for active requests to complete
2026-06-23T02:26:38.023-05:00  INFO 13428 --- [sistema-bi] [tomcat-shutdown] o.s.b.w.e.tomcat.GracefulShutdown        : Graceful shutdown complete
2026-06-23T02:26:38.023-05:00  INFO 13428 --- [sistema-bi] [      Thread-20] j.LocalContainerEntityManagerFactoryBean : Closing JPA EntityManagerFactory for persistence unit 'default'
2026-06-23T02:26:38.023-05:00  INFO 13428 --- [sistema-bi] [      Thread-20] com.zaxxer.hikari.HikariDataSource       : HikariPool-6 - Shutdown initiated...
2026-06-23T02:26:38.023-05:00  INFO 13428 --- [sistema-bi] [      Thread-20] com.zaxxer.hikari.HikariDataSource       : HikariPool-6 - Shutdown completed.

  .   ____          _            __ _ _
 /\\ / ___'_ __ _ _(_)_ __  __ _ \ \ \ \
( ( )\___ | '_ | '_| | '_ \/ _` | \ \ \ \
 \\/  ___)| |_)| | | | | || (_| |  ) ) ) )
  '  |____| .__|_| |_|_| |_\__, | / / / /
 =========|_|==============|___/=/_/_/_/

 :: Spring Boot ::                (v3.5.0)

2026-06-23T02:26:38.101-05:00  INFO 13428 --- [sistema-bi] [  restartedMain] pe.com.banco.bi.SistemaBiApplication     : Starting SistemaBiApplication using Java 21.0.2 with PID 13428 (E:\Documentos\SistemaBI\backend\target\classes started by alex in E:\Documentos\SistemaBI\backend)
2026-06-23T02:26:38.101-05:00  INFO 13428 --- [sistema-bi] [  restartedMain] pe.com.banco.bi.SistemaBiApplication     : No active profile set, falling back to 1 default profile: "default"
2026-06-23T02:26:38.273-05:00  INFO 13428 --- [sistema-bi] [  restartedMain] .s.d.r.c.RepositoryConfigurationDelegate : Bootstrapping Spring Data JPA repositories in DEFAULT mode.
2026-06-23T02:26:38.329-05:00  INFO 13428 --- [sistema-bi] [  restartedMain] .s.d.r.c.RepositoryConfigurationDelegate : Finished Spring Data repository scanning in 56 ms. Found 24 JPA repository interfaces.
2026-06-23T02:26:38.484-05:00  INFO 13428 --- [sistema-bi] [  restartedMain] o.s.b.w.embedded.tomcat.TomcatWebServer  : Tomcat initialized with port 8080 (http)
2026-06-23T02:26:38.489-05:00  INFO 13428 --- [sistema-bi] [  restartedMain] o.apache.catalina.core.StandardService   : Starting service [Tomcat]
2026-06-23T02:26:38.489-05:00  INFO 13428 --- [sistema-bi] [  restartedMain] o.apache.catalina.core.StandardEngine    : Starting Servlet engine: [Apache Tomcat/10.1.41]
2026-06-23T02:26:38.504-05:00  INFO 13428 --- [sistema-bi] [  restartedMain] o.a.c.c.C.[Tomcat-1].[localhost].[/]     : Initializing Spring embedded WebApplicationContext
2026-06-23T02:26:38.504-05:00  INFO 13428 --- [sistema-bi] [  restartedMain] w.s.c.ServletWebServerApplicationContext : Root WebApplicationContext: initialization completed in 403 ms
2026-06-23T02:26:38.590-05:00  INFO 13428 --- [sistema-bi] [  restartedMain] com.zaxxer.hikari.HikariDataSource       : HikariPool-7 - Starting...
2026-06-23T02:26:38.629-05:00  INFO 13428 --- [sistema-bi] [  restartedMain] com.zaxxer.hikari.pool.HikariPool        : HikariPool-7 - Added connection org.postgresql.jdbc.PgConnection@7030c793
2026-06-23T02:26:38.629-05:00  INFO 13428 --- [sistema-bi] [  restartedMain] com.zaxxer.hikari.HikariDataSource       : HikariPool-7 - Start completed.
2026-06-23T02:26:38.629-05:00  INFO 13428 --- [sistema-bi] [  restartedMain] org.flywaydb.core.FlywayExecutor         : Database: jdbc:postgresql://localhost:5432/bi_banco (PostgreSQL 18.3)
2026-06-23T02:26:38.634-05:00  WARN 13428 --- [sistema-bi] [  restartedMain] o.f.c.internal.database.base.Database    : Flyway upgrade recommended: PostgreSQL 18.3 is newer than this version of Flyway and support has not been tested. The latest supported version of PostgreSQL is 17.
2026-06-23T02:26:38.645-05:00  INFO 13428 --- [sistema-bi] [  restartedMain] o.f.core.internal.command.DbValidate     : Successfully validated 12 migrations (execution time 00:00.008s)
2026-06-23T02:26:38.690-05:00  INFO 13428 --- [sistema-bi] [  restartedMain] o.f.core.internal.command.DbMigrate      : Current version of schema "public": 12
2026-06-23T02:26:38.690-05:00  INFO 13428 --- [sistema-bi] [  restartedMain] o.f.core.internal.command.DbMigrate      : Schema "public" is up to date. No migration necessary.
2026-06-23T02:26:38.730-05:00  INFO 13428 --- [sistema-bi] [  restartedMain] o.hibernate.jpa.internal.util.LogHelper  : HHH000204: Processing PersistenceUnitInfo [name: default]
2026-06-23T02:26:38.731-05:00  INFO 13428 --- [sistema-bi] [  restartedMain] o.h.c.internal.RegionFactoryInitiator    : HHH000026: Second-level cache disabled
2026-06-23T02:26:38.737-05:00  INFO 13428 --- [sistema-bi] [  restartedMain] o.s.o.j.p.SpringPersistenceUnitInfo      : No LoadTimeWeaver setup: ignoring JPA class transformer
2026-06-23T02:26:38.742-05:00  WARN 13428 --- [sistema-bi] [  restartedMain] org.hibernate.orm.deprecation            : HHH90000025: PostgreSQLDialect does not need to be specified explicitly using 'hibernate.dialect' (remove the property setting and it will be selected by default)
2026-06-23T02:26:38.743-05:00  INFO 13428 --- [sistema-bi] [  restartedMain] org.hibernate.orm.connections.pooling    : HHH10001005: Database info:
	Database JDBC URL [Connecting through datasource 'HikariDataSource (HikariPool-7)']
	Database driver: undefined/unknown
	Database version: 18.3
	Autocommit mode: undefined/unknown
	Isolation level: undefined/unknown
	Minimum pool size: undefined/unknown
	Maximum pool size: undefined/unknown
2026-06-23T02:26:38.959-05:00  INFO 13428 --- [sistema-bi] [  restartedMain] o.h.e.t.j.p.i.JtaPlatformInitiator       : HHH000489: No JTA platform available (set 'hibernate.transaction.jta.platform' to enable JTA platform integration)
2026-06-23T02:26:38.976-05:00  INFO 13428 --- [sistema-bi] [  restartedMain] j.LocalContainerEntityManagerFactoryBean : Initialized JPA EntityManagerFactory for persistence unit 'default'
2026-06-23T02:26:39.586-05:00  INFO 13428 --- [sistema-bi] [  restartedMain] eAuthenticationProviderManagerConfigurer : Global AuthenticationManager configured with AuthenticationProvider bean with name authenticationProvider
2026-06-23T02:26:39.586-05:00  WARN 13428 --- [sistema-bi] [  restartedMain] r$InitializeUserDetailsManagerConfigurer : Global AuthenticationManager configured with an AuthenticationProvider bean. UserDetailsService beans will not be used by Spring Security for automatically configuring username/password login. Consider removing the AuthenticationProvider bean. Alternatively, consider using the UserDetailsService in a manually instantiated DaoAuthenticationProvider. If the current configuration is intentional, to turn off this warning, increase the logging level of 'org.springframework.security.config.annotation.authentication.configuration.InitializeUserDetailsBeanManagerConfigurer' to ERROR
2026-06-23T02:26:39.642-05:00  WARN 13428 --- [sistema-bi] [  restartedMain] JpaBaseConfiguration$JpaWebConfiguration : spring.jpa.open-in-view is enabled by default. Therefore, database queries may be performed during view rendering. Explicitly configure spring.jpa.open-in-view to disable this warning
2026-06-23T02:26:39.977-05:00  INFO 13428 --- [sistema-bi] [  restartedMain] o.s.b.a.h2.H2ConsoleAutoConfiguration    : H2 console available at '/h2-console'. Database available at 'jdbc:postgresql://localhost:5432/bi_banco'
2026-06-23T02:26:40.004-05:00  INFO 13428 --- [sistema-bi] [  restartedMain] o.s.b.d.a.OptionalLiveReloadServer       : LiveReload server is running on port 35729
2026-06-23T02:26:40.015-05:00  INFO 13428 --- [sistema-bi] [  restartedMain] o.s.b.w.embedded.tomcat.TomcatWebServer  : Tomcat started on port 8080 (http) with context path '/'
2026-06-23T02:26:40.018-05:00  INFO 13428 --- [sistema-bi] [  restartedMain] pe.com.banco.bi.SistemaBiApplication     : Started SistemaBiApplication in 1.933 seconds (process running for 608.852)
2026-06-23T02:26:40.019-05:00  INFO 13428 --- [sistema-bi] [  restartedMain] .ConditionEvaluationDeltaLoggingListener : Condition evaluation unchanged
[INFO] ------------------------------------------------------------------------
[INFO] BUILD FAILURE
[INFO] ------------------------------------------------------------------------
[INFO] Total time:  10:31 min
[INFO] Finished at: 2026-06-23T02:27:00-05:00
[INFO] ------------------------------------------------------------------------
[ERROR] Failed to execute goal org.springframework.boot:spring-boot-maven-plugin:3.5.0:run (default-cli) on project sistema-bi: Process terminated with exit code: 1 -> [Help 1]
[ERROR] 
[ERROR] To see the full stack trace of the errors, re-run Maven with the -e switch.
[ERROR] Re-run Maven using the -X switch to enable full debug logging.
[ERROR] 
[ERROR] For more information about the errors and possible solutions, please read the following articles:
[ERROR] [Help 1] http://cwiki.apache.org/confluence/display/MAVEN/MojoExecutionException
