[INFO] Scanning for projects...
[INFO] 
[INFO] ---------------------< pe.com.banco.bi:sistema-bi >---------------------
[INFO] Building sistema-bi 0.0.1-SNAPSHOT
[INFO]   from pom.xml
[INFO] --------------------------------[ jar ]---------------------------------
[INFO] 
[INFO] >>> spring-boot:3.5.0:run (default-cli) > test-compile @ sistema-bi >>>
[INFO] 
[INFO] --- resources:3.3.1:resources (default-resources) @ sistema-bi ---
[INFO] Copying 2 resources from src\main\resources to target\classes
[INFO] Copying 12 resources from src\main\resources to target\classes
[INFO] 
[INFO] --- compiler:3.14.0:compile (default-compile) @ sistema-bi ---
[INFO] Nothing to compile - all classes are up to date.
[INFO] 
[INFO] --- resources:3.3.1:testResources (default-testResources) @ sistema-bi ---
[INFO] Copying 1 resource from src\test\resources to target\test-classes
[INFO] 
[INFO] --- compiler:3.14.0:testCompile (default-testCompile) @ sistema-bi ---
[INFO] Recompiling the module because of changed source code.
[INFO] Compiling 1 source file with javac [debug parameters release 21] to target\test-classes
[INFO] 
[INFO] <<< spring-boot:3.5.0:run (default-cli) < test-compile @ sistema-bi <<<
[INFO] 
[INFO] 
[INFO] --- spring-boot:3.5.0:run (default-cli) @ sistema-bi ---
[INFO] Attaching agents: []

  .   ____          _            __ _ _
 /\\ / ___'_ __ _ _(_)_ __  __ _ \ \ \ \
( ( )\___ | '_ | '_| | '_ \/ _` | \ \ \ \
 \\/  ___)| |_)| | | | | || (_| |  ) ) ) )
  '  |____| .__|_| |_|_| |_\__, | / / / /
 =========|_|==============|___/=/_/_/_/

 :: Spring Boot ::                (v3.5.0)

2026-06-23T03:00:00.736-05:00  INFO 18944 --- [sistema-bi] [  restartedMain] pe.com.banco.bi.SistemaBiApplication     : Starting SistemaBiApplication using Java 21.0.2 with PID 18944 (E:\Documentos\SistemaBI\backend\target\classes started by alex in E:\Documentos\SistemaBI\backend)
2026-06-23T03:00:00.738-05:00  INFO 18944 --- [sistema-bi] [  restartedMain] pe.com.banco.bi.SistemaBiApplication     : No active profile set, falling back to 1 default profile: "default"
2026-06-23T03:00:00.769-05:00  INFO 18944 --- [sistema-bi] [  restartedMain] .e.DevToolsPropertyDefaultsPostProcessor : Devtools property defaults active! Set 'spring.devtools.add-properties' to 'false' to disable
2026-06-23T03:00:00.769-05:00  INFO 18944 --- [sistema-bi] [  restartedMain] .e.DevToolsPropertyDefaultsPostProcessor : For additional web related logging consider setting the 'logging.level.web' property to 'DEBUG'
2026-06-23T03:00:01.396-05:00  INFO 18944 --- [sistema-bi] [  restartedMain] .s.d.r.c.RepositoryConfigurationDelegate : Bootstrapping Spring Data JPA repositories in DEFAULT mode.
2026-06-23T03:00:01.497-05:00  INFO 18944 --- [sistema-bi] [  restartedMain] .s.d.r.c.RepositoryConfigurationDelegate : Finished Spring Data repository scanning in 95 ms. Found 24 JPA repository interfaces.
2026-06-23T03:00:02.097-05:00  INFO 18944 --- [sistema-bi] [  restartedMain] o.s.b.w.embedded.tomcat.TomcatWebServer  : Tomcat initialized with port 8080 (http)
2026-06-23T03:00:02.107-05:00  INFO 18944 --- [sistema-bi] [  restartedMain] o.apache.catalina.core.StandardService   : Starting service [Tomcat]
2026-06-23T03:00:02.108-05:00  INFO 18944 --- [sistema-bi] [  restartedMain] o.apache.catalina.core.StandardEngine    : Starting Servlet engine: [Apache Tomcat/10.1.41]
2026-06-23T03:00:02.138-05:00  INFO 18944 --- [sistema-bi] [  restartedMain] o.a.c.c.C.[Tomcat].[localhost].[/]       : Initializing Spring embedded WebApplicationContext
2026-06-23T03:00:02.138-05:00  INFO 18944 --- [sistema-bi] [  restartedMain] w.s.c.ServletWebServerApplicationContext : Root WebApplicationContext: initialization completed in 1368 ms
2026-06-23T03:00:02.373-05:00  INFO 18944 --- [sistema-bi] [  restartedMain] com.zaxxer.hikari.HikariDataSource       : HikariPool-1 - Starting...
2026-06-23T03:00:02.524-05:00  INFO 18944 --- [sistema-bi] [  restartedMain] com.zaxxer.hikari.pool.HikariPool        : HikariPool-1 - Added connection org.postgresql.jdbc.PgConnection@26796a49
2026-06-23T03:00:02.525-05:00  INFO 18944 --- [sistema-bi] [  restartedMain] com.zaxxer.hikari.HikariDataSource       : HikariPool-1 - Start completed.
2026-06-23T03:00:02.549-05:00  INFO 18944 --- [sistema-bi] [  restartedMain] org.flywaydb.core.FlywayExecutor         : Database: jdbc:postgresql://localhost:5432/bi_banco (PostgreSQL 18.3)
2026-06-23T03:00:02.557-05:00  WARN 18944 --- [sistema-bi] [  restartedMain] o.f.c.internal.database.base.Database    : Flyway upgrade recommended: PostgreSQL 18.3 is newer than this version of Flyway and support has not been tested. The latest supported version of PostgreSQL is 17.
2026-06-23T03:00:02.602-05:00  INFO 18944 --- [sistema-bi] [  restartedMain] o.f.core.internal.command.DbValidate     : Successfully validated 12 migrations (execution time 00:00.031s)
2026-06-23T03:00:02.647-05:00  INFO 18944 --- [sistema-bi] [  restartedMain] o.f.core.internal.command.DbMigrate      : Current version of schema "public": 12
2026-06-23T03:00:02.649-05:00  INFO 18944 --- [sistema-bi] [  restartedMain] o.f.core.internal.command.DbMigrate      : Schema "public" is up to date. No migration necessary.
2026-06-23T03:00:02.731-05:00  INFO 18944 --- [sistema-bi] [  restartedMain] o.hibernate.jpa.internal.util.LogHelper  : HHH000204: Processing PersistenceUnitInfo [name: default]
2026-06-23T03:00:02.763-05:00  INFO 18944 --- [sistema-bi] [  restartedMain] org.hibernate.Version                    : HHH000412: Hibernate ORM core version 6.6.15.Final
2026-06-23T03:00:02.788-05:00  INFO 18944 --- [sistema-bi] [  restartedMain] o.h.c.internal.RegionFactoryInitiator    : HHH000026: Second-level cache disabled
2026-06-23T03:00:02.969-05:00  INFO 18944 --- [sistema-bi] [  restartedMain] o.s.o.j.p.SpringPersistenceUnitInfo      : No LoadTimeWeaver setup: ignoring JPA class transformer
2026-06-23T03:00:03.008-05:00  WARN 18944 --- [sistema-bi] [  restartedMain] org.hibernate.orm.deprecation            : HHH90000025: PostgreSQLDialect does not need to be specified explicitly using 'hibernate.dialect' (remove the property setting and it will be selected by default)
2026-06-23T03:00:03.017-05:00  INFO 18944 --- [sistema-bi] [  restartedMain] org.hibernate.orm.connections.pooling    : HHH10001005: Database info:
	Database JDBC URL [Connecting through datasource 'HikariDataSource (HikariPool-1)']
	Database driver: undefined/unknown
	Database version: 18.3
	Autocommit mode: undefined/unknown
	Isolation level: undefined/unknown
	Minimum pool size: undefined/unknown
	Maximum pool size: undefined/unknown
2026-06-23T03:00:03.940-05:00  INFO 18944 --- [sistema-bi] [  restartedMain] o.h.e.t.j.p.i.JtaPlatformInitiator       : HHH000489: No JTA platform available (set 'hibernate.transaction.jta.platform' to enable JTA platform integration)
2026-06-23T03:00:03.977-05:00  INFO 18944 --- [sistema-bi] [  restartedMain] j.LocalContainerEntityManagerFactoryBean : Initialized JPA EntityManagerFactory for persistence unit 'default'
2026-06-23T03:00:04.482-05:00  INFO 18944 --- [sistema-bi] [  restartedMain] o.s.d.j.r.query.QueryEnhancerFactory     : Hibernate is in classpath; If applicable, HQL parser will be used.
2026-06-23T03:00:06.049-05:00  INFO 18944 --- [sistema-bi] [  restartedMain] eAuthenticationProviderManagerConfigurer : Global AuthenticationManager configured with AuthenticationProvider bean with name authenticationProvider
2026-06-23T03:00:06.050-05:00  WARN 18944 --- [sistema-bi] [  restartedMain] r$InitializeUserDetailsManagerConfigurer : Global AuthenticationManager configured with an AuthenticationProvider bean. UserDetailsService beans will not be used by Spring Security for automatically configuring username/password login. Consider removing the AuthenticationProvider bean. Alternatively, consider using the UserDetailsService in a manually instantiated DaoAuthenticationProvider. If the current configuration is intentional, to turn off this warning, increase the logging level of 'org.springframework.security.config.annotation.authentication.configuration.InitializeUserDetailsBeanManagerConfigurer' to ERROR
2026-06-23T03:00:06.164-05:00  WARN 18944 --- [sistema-bi] [  restartedMain] JpaBaseConfiguration$JpaWebConfiguration : spring.jpa.open-in-view is enabled by default. Therefore, database queries may be performed during view rendering. Explicitly configure spring.jpa.open-in-view to disable this warning
2026-06-23T03:00:06.791-05:00  INFO 18944 --- [sistema-bi] [  restartedMain] o.s.b.a.h2.H2ConsoleAutoConfiguration    : H2 console available at '/h2-console'. Database available at 'jdbc:postgresql://localhost:5432/bi_banco'
2026-06-23T03:00:06.857-05:00  INFO 18944 --- [sistema-bi] [  restartedMain] o.s.b.d.a.OptionalLiveReloadServer       : LiveReload server is running on port 35729
2026-06-23T03:00:06.890-05:00  INFO 18944 --- [sistema-bi] [  restartedMain] o.s.b.w.embedded.tomcat.TomcatWebServer  : Tomcat started on port 8080 (http) with context path '/'
2026-06-23T03:00:06.899-05:00  INFO 18944 --- [sistema-bi] [  restartedMain] pe.com.banco.bi.SistemaBiApplication     : Started SistemaBiApplication in 6.472 seconds (process running for 6.75)
2026-06-23T03:00:34.580-05:00  INFO 18944 --- [sistema-bi] [nio-8080-exec-1] o.a.c.c.C.[Tomcat].[localhost].[/]       : Initializing Spring DispatcherServlet 'dispatcherServlet'
2026-06-23T03:00:34.581-05:00  INFO 18944 --- [sistema-bi] [nio-8080-exec-1] o.s.web.servlet.DispatcherServlet        : Initializing Servlet 'dispatcherServlet'
2026-06-23T03:00:34.583-05:00  INFO 18944 --- [sistema-bi] [nio-8080-exec-1] o.s.web.servlet.DispatcherServlet        : Completed initialization in 2 ms
2026-06-23T03:00:35.131-05:00  WARN 18944 --- [sistema-bi] [nio-8080-exec-5] ration$PageModule$WarningLoggingModifier : Serializing PageImpl instances as-is is not supported, meaning that there is no guarantee about the stability of the resulting JSON structure!
	For a stable JSON structure, please use Spring Data's PagedModel (globally via @EnableSpringDataWebSupport(pageSerializationMode = VIA_DTO))
	or Spring HATEOAS and Spring Data's PagedResourcesAssembler as documented in https://docs.spring.io/spring-data/commons/reference/repositories/core-extensions.html#core.web.pageables.

2026-06-23T03:02:22.450-05:00  INFO 18944 --- [sistema-bi] [   File Watcher] rtingClassPathChangeChangedEventListener : Restarting due to 223 class path changes (0 additions, 223 deletions, 0 modifications)
2026-06-23T03:02:22.454-05:00  INFO 18944 --- [sistema-bi] [       Thread-5] o.s.b.w.e.tomcat.GracefulShutdown        : Commencing graceful shutdown. Waiting for active requests to complete
2026-06-23T03:02:22.459-05:00  INFO 18944 --- [sistema-bi] [tomcat-shutdown] o.s.b.w.e.tomcat.GracefulShutdown        : Graceful shutdown complete
2026-06-23T03:02:22.465-05:00  INFO 18944 --- [sistema-bi] [       Thread-5] j.LocalContainerEntityManagerFactoryBean : Closing JPA EntityManagerFactory for persistence unit 'default'
2026-06-23T03:02:22.468-05:00  INFO 18944 --- [sistema-bi] [       Thread-5] com.zaxxer.hikari.HikariDataSource       : HikariPool-1 - Shutdown initiated...
2026-06-23T03:02:22.470-05:00  INFO 18944 --- [sistema-bi] [       Thread-5] com.zaxxer.hikari.HikariDataSource       : HikariPool-1 - Shutdown completed.

  .   ____          _            __ _ _
 /\\ / ___'_ __ _ _(_)_ __  __ _ \ \ \ \
( ( )\___ | '_ | '_| | '_ \/ _` | \ \ \ \
 \\/  ___)| |_)| | | | | || (_| |  ) ) ) )
  '  |____| .__|_| |_|_| |_\__, | / / / /
 =========|_|==============|___/=/_/_/_/

 :: Spring Boot ::                (v3.5.0)

2026-06-23T03:02:22.543-05:00  INFO 18944 --- [sistema-bi] [  restartedMain] pe.com.banco.bi.SistemaBiApplication     : Starting SistemaBiApplication using Java 21.0.2 with PID 18944 (started by alex in E:\Documentos\SistemaBI\backend)
2026-06-23T03:02:22.543-05:00  INFO 18944 --- [sistema-bi] [  restartedMain] pe.com.banco.bi.SistemaBiApplication     : No active profile set, falling back to 1 default profile: "default"
2026-06-23T03:02:22.680-05:00  INFO 18944 --- [sistema-bi] [  restartedMain] .s.d.r.c.RepositoryConfigurationDelegate : Bootstrapping Spring Data JPA repositories in DEFAULT mode.
2026-06-23T03:02:22.681-05:00  INFO 18944 --- [sistema-bi] [  restartedMain] .s.d.r.c.RepositoryConfigurationDelegate : Finished Spring Data repository scanning in 0 ms. Found 0 JPA repository interfaces.
2026-06-23T03:02:22.739-05:00  INFO 18944 --- [sistema-bi] [  restartedMain] o.s.b.w.embedded.tomcat.TomcatWebServer  : Tomcat initialized with port 8080 (http)
2026-06-23T03:02:22.739-05:00  INFO 18944 --- [sistema-bi] [  restartedMain] o.apache.catalina.core.StandardService   : Starting service [Tomcat]
2026-06-23T03:02:22.740-05:00  INFO 18944 --- [sistema-bi] [  restartedMain] o.apache.catalina.core.StandardEngine    : Starting Servlet engine: [Apache Tomcat/10.1.41]
2026-06-23T03:02:22.749-05:00  INFO 18944 --- [sistema-bi] [  restartedMain] o.a.c.c.C.[Tomcat].[localhost].[/]       : Initializing Spring embedded WebApplicationContext
2026-06-23T03:02:22.749-05:00  INFO 18944 --- [sistema-bi] [  restartedMain] w.s.c.ServletWebServerApplicationContext : Root WebApplicationContext: initialization completed in 205 ms
2026-06-23T03:02:22.776-05:00  INFO 18944 --- [sistema-bi] [  restartedMain] com.zaxxer.hikari.HikariDataSource       : HikariPool-2 - Starting...
2026-06-23T03:02:22.968-05:00  INFO 18944 --- [sistema-bi] [  restartedMain] com.zaxxer.hikari.pool.HikariPool        : HikariPool-2 - Added connection conn0: url=jdbc:h2:mem:a0588657-2fea-47bf-b4af-fb3801a7c512 user=SA
2026-06-23T03:02:22.968-05:00  INFO 18944 --- [sistema-bi] [  restartedMain] com.zaxxer.hikari.HikariDataSource       : HikariPool-2 - Start completed.
2026-06-23T03:02:23.007-05:00  INFO 18944 --- [sistema-bi] [  restartedMain] org.flywaydb.core.FlywayExecutor         : Database: jdbc:h2:mem:a0588657-2fea-47bf-b4af-fb3801a7c512 (H2 2.3)
2026-06-23T03:02:23.014-05:00  INFO 18944 --- [sistema-bi] [  restartedMain] o.f.c.i.s.JdbcTableSchemaHistory         : Schema history table "PUBLIC"."flyway_schema_history" does not exist yet
2026-06-23T03:02:23.014-05:00  INFO 18944 --- [sistema-bi] [  restartedMain] o.f.core.internal.command.DbValidate     : Successfully validated 0 migrations (execution time 00:00.001s)
2026-06-23T03:02:23.014-05:00  WARN 18944 --- [sistema-bi] [  restartedMain] o.f.core.internal.command.DbValidate     : No migrations found. Are your locations set up correctly?
2026-06-23T03:02:23.017-05:00  INFO 18944 --- [sistema-bi] [  restartedMain] o.f.c.i.s.JdbcTableSchemaHistory         : Creating Schema History table "PUBLIC"."flyway_schema_history" ...
2026-06-23T03:02:23.035-05:00  INFO 18944 --- [sistema-bi] [  restartedMain] o.f.core.internal.command.DbMigrate      : Current version of schema "PUBLIC": << Empty Schema >>
2026-06-23T03:02:23.035-05:00  INFO 18944 --- [sistema-bi] [  restartedMain] o.f.core.internal.command.DbMigrate      : Schema "PUBLIC" is up to date. No migration necessary.
2026-06-23T03:02:23.047-05:00  INFO 18944 --- [sistema-bi] [  restartedMain] o.hibernate.jpa.internal.util.LogHelper  : HHH000204: Processing PersistenceUnitInfo [name: default]
2026-06-23T03:02:23.049-05:00  INFO 18944 --- [sistema-bi] [  restartedMain] o.h.c.internal.RegionFactoryInitiator    : HHH000026: Second-level cache disabled
2026-06-23T03:02:23.054-05:00  INFO 18944 --- [sistema-bi] [  restartedMain] o.s.o.j.p.SpringPersistenceUnitInfo      : No LoadTimeWeaver setup: ignoring JPA class transformer
2026-06-23T03:02:23.079-05:00  INFO 18944 --- [sistema-bi] [  restartedMain] org.hibernate.orm.connections.pooling    : HHH10001005: Database info:
	Database JDBC URL [Connecting through datasource 'HikariDataSource (HikariPool-2)']
	Database driver: undefined/unknown
	Database version: 2.3.232
	Autocommit mode: undefined/unknown
	Isolation level: undefined/unknown
	Minimum pool size: undefined/unknown
	Maximum pool size: undefined/unknown
2026-06-23T03:02:23.104-05:00  INFO 18944 --- [sistema-bi] [  restartedMain] o.h.e.t.j.p.i.JtaPlatformInitiator       : HHH000489: No JTA platform available (set 'hibernate.transaction.jta.platform' to enable JTA platform integration)
2026-06-23T03:02:23.104-05:00  INFO 18944 --- [sistema-bi] [  restartedMain] j.LocalContainerEntityManagerFactoryBean : Initialized JPA EntityManagerFactory for persistence unit 'default'
2026-06-23T03:02:23.123-05:00  WARN 18944 --- [sistema-bi] [  restartedMain] JpaBaseConfiguration$JpaWebConfiguration : spring.jpa.open-in-view is enabled by default. Therefore, database queries may be performed during view rendering. Explicitly configure spring.jpa.open-in-view to disable this warning
2026-06-23T03:02:23.197-05:00  INFO 18944 --- [sistema-bi] [  restartedMain] o.s.b.a.h2.H2ConsoleAutoConfiguration    : H2 console available at '/h2-console'. Database available at 'jdbc:h2:mem:a0588657-2fea-47bf-b4af-fb3801a7c512'
2026-06-23T03:02:23.212-05:00  WARN 18944 --- [sistema-bi] [  restartedMain] .s.s.UserDetailsServiceAutoConfiguration : 

Using generated security password: 777f78c5-4e39-4c40-a72a-452abbe6ce6d

This generated password is for development use only. Your security configuration must be updated before running your application in production.

2026-06-23T03:02:23.214-05:00  INFO 18944 --- [sistema-bi] [  restartedMain] r$InitializeUserDetailsManagerConfigurer : Global AuthenticationManager configured with UserDetailsService bean with name inMemoryUserDetailsManager
2026-06-23T03:02:23.243-05:00  INFO 18944 --- [sistema-bi] [  restartedMain] o.s.b.d.a.OptionalLiveReloadServer       : LiveReload server is running on port 35729
2026-06-23T03:02:23.250-05:00  INFO 18944 --- [sistema-bi] [  restartedMain] o.s.b.w.embedded.tomcat.TomcatWebServer  : Tomcat started on port 8080 (http) with context path '/'
2026-06-23T03:02:23.253-05:00  INFO 18944 --- [sistema-bi] [  restartedMain] pe.com.banco.bi.SistemaBiApplication     : Started SistemaBiApplication in 0.727 seconds (process running for 143.105)
2026-06-23T03:02:30.752-05:00  INFO 18944 --- [sistema-bi] [   File Watcher] rtingClassPathChangeChangedEventListener : Restarting due to 14 class path changes (14 additions, 0 deletions, 0 modifications)
2026-06-23T03:02:30.753-05:00  INFO 18944 --- [sistema-bi] [       Thread-7] o.s.b.w.e.tomcat.GracefulShutdown        : Commencing graceful shutdown. Waiting for active requests to complete
2026-06-23T03:02:30.755-05:00  INFO 18944 --- [sistema-bi] [tomcat-shutdown] o.s.b.w.e.tomcat.GracefulShutdown        : Graceful shutdown complete
2026-06-23T03:02:30.757-05:00  INFO 18944 --- [sistema-bi] [       Thread-7] j.LocalContainerEntityManagerFactoryBean : Closing JPA EntityManagerFactory for persistence unit 'default'
2026-06-23T03:02:30.760-05:00  WARN 18944 --- [sistema-bi] [       Thread-7] o.s.b.f.support.DisposableBeanAdapter    : Invocation of destroy method failed on bean with name 'inMemoryDatabaseShutdownExecutor': org.h2.jdbc.JdbcSQLNonTransientConnectionException: La base de datos ya esta cerrada (para des-habilitar el cerrado automatico durante el shutdown de la VM, agregue ";DB_CLOSE_ON_EXIT=FALSE" a la URL de conexión)
Database is already closed (to disable automatic closing at VM shutdown, add ";DB_CLOSE_ON_EXIT=FALSE" to the db URL) [90121-232]
2026-06-23T03:02:30.760-05:00  INFO 18944 --- [sistema-bi] [       Thread-7] com.zaxxer.hikari.HikariDataSource       : HikariPool-2 - Shutdown initiated...
2026-06-23T03:02:30.760-05:00  INFO 18944 --- [sistema-bi] [       Thread-7] com.zaxxer.hikari.HikariDataSource       : HikariPool-2 - Shutdown completed.

  .   ____          _            __ _ _
 /\\ / ___'_ __ _ _(_)_ __  __ _ \ \ \ \
( ( )\___ | '_ | '_| | '_ \/ _` | \ \ \ \
 \\/  ___)| |_)| | | | | || (_| |  ) ) ) )
  '  |____| .__|_| |_|_| |_\__, | / / / /
 =========|_|==============|___/=/_/_/_/

 :: Spring Boot ::                (v3.5.0)

2026-06-23T03:02:30.850-05:00  INFO 18944 --- [sistema-bi] [  restartedMain] pe.com.banco.bi.SistemaBiApplication     : Starting SistemaBiApplication using Java 21.0.2 with PID 18944 (E:\Documentos\SistemaBI\backend\target\classes started by alex in E:\Documentos\SistemaBI\backend)
2026-06-23T03:02:30.850-05:00  INFO 18944 --- [sistema-bi] [  restartedMain] pe.com.banco.bi.SistemaBiApplication     : No active profile set, falling back to 1 default profile: "default"
2026-06-23T03:02:31.026-05:00  INFO 18944 --- [sistema-bi] [  restartedMain] .s.d.r.c.RepositoryConfigurationDelegate : Bootstrapping Spring Data JPA repositories in DEFAULT mode.
2026-06-23T03:02:31.027-05:00  INFO 18944 --- [sistema-bi] [  restartedMain] .s.d.r.c.RepositoryConfigurationDelegate : Finished Spring Data repository scanning in 0 ms. Found 0 JPA repository interfaces.
2026-06-23T03:02:31.108-05:00  INFO 18944 --- [sistema-bi] [  restartedMain] o.s.b.w.embedded.tomcat.TomcatWebServer  : Tomcat initialized with port 8080 (http)
2026-06-23T03:02:31.108-05:00  INFO 18944 --- [sistema-bi] [  restartedMain] o.apache.catalina.core.StandardService   : Starting service [Tomcat]
2026-06-23T03:02:31.108-05:00  INFO 18944 --- [sistema-bi] [  restartedMain] o.apache.catalina.core.StandardEngine    : Starting Servlet engine: [Apache Tomcat/10.1.41]
2026-06-23T03:02:31.120-05:00  INFO 18944 --- [sistema-bi] [  restartedMain] o.a.c.c.C.[Tomcat].[localhost].[/]       : Initializing Spring embedded WebApplicationContext
2026-06-23T03:02:31.120-05:00  INFO 18944 --- [sistema-bi] [  restartedMain] w.s.c.ServletWebServerApplicationContext : Root WebApplicationContext: initialization completed in 268 ms
2026-06-23T03:02:31.151-05:00  INFO 18944 --- [sistema-bi] [  restartedMain] com.zaxxer.hikari.HikariDataSource       : HikariPool-3 - Starting...
2026-06-23T03:02:31.198-05:00  INFO 18944 --- [sistema-bi] [  restartedMain] com.zaxxer.hikari.pool.HikariPool        : HikariPool-3 - Added connection org.postgresql.jdbc.PgConnection@bb5ade0
2026-06-23T03:02:31.198-05:00  INFO 18944 --- [sistema-bi] [  restartedMain] com.zaxxer.hikari.HikariDataSource       : HikariPool-3 - Start completed.
2026-06-23T03:02:31.199-05:00  INFO 18944 --- [sistema-bi] [  restartedMain] org.flywaydb.core.FlywayExecutor         : Database: jdbc:postgresql://localhost:5432/bi_banco (PostgreSQL 18.3)
2026-06-23T03:02:31.207-05:00  WARN 18944 --- [sistema-bi] [  restartedMain] o.f.c.internal.database.base.Database    : Flyway upgrade recommended: PostgreSQL 18.3 is newer than this version of Flyway and support has not been tested. The latest supported version of PostgreSQL is 17.
2026-06-23T03:02:31.223-05:00  INFO 18944 --- [sistema-bi] [  restartedMain] o.f.core.internal.command.DbValidate     : Successfully validated 12 migrations (execution time 00:00.012s)
2026-06-23T03:02:31.274-05:00  INFO 18944 --- [sistema-bi] [  restartedMain] o.f.core.internal.command.DbMigrate      : Current version of schema "public": 12
2026-06-23T03:02:31.274-05:00  INFO 18944 --- [sistema-bi] [  restartedMain] o.f.core.internal.command.DbMigrate      : Schema "public" is up to date. No migration necessary.
2026-06-23T03:02:31.284-05:00  INFO 18944 --- [sistema-bi] [  restartedMain] o.hibernate.jpa.internal.util.LogHelper  : HHH000204: Processing PersistenceUnitInfo [name: default]
2026-06-23T03:02:31.286-05:00  INFO 18944 --- [sistema-bi] [  restartedMain] o.h.c.internal.RegionFactoryInitiator    : HHH000026: Second-level cache disabled
2026-06-23T03:02:31.290-05:00  INFO 18944 --- [sistema-bi] [  restartedMain] o.s.o.j.p.SpringPersistenceUnitInfo      : No LoadTimeWeaver setup: ignoring JPA class transformer
2026-06-23T03:02:31.296-05:00  WARN 18944 --- [sistema-bi] [  restartedMain] org.hibernate.orm.deprecation            : HHH90000025: PostgreSQLDialect does not need to be specified explicitly using 'hibernate.dialect' (remove the property setting and it will be selected by default)
2026-06-23T03:02:31.297-05:00  INFO 18944 --- [sistema-bi] [  restartedMain] org.hibernate.orm.connections.pooling    : HHH10001005: Database info:
	Database JDBC URL [Connecting through datasource 'HikariDataSource (HikariPool-3)']
	Database driver: undefined/unknown
	Database version: 18.3
	Autocommit mode: undefined/unknown
	Isolation level: undefined/unknown
	Minimum pool size: undefined/unknown
	Maximum pool size: undefined/unknown
2026-06-23T03:02:31.313-05:00  INFO 18944 --- [sistema-bi] [  restartedMain] o.h.e.t.j.p.i.JtaPlatformInitiator       : HHH000489: No JTA platform available (set 'hibernate.transaction.jta.platform' to enable JTA platform integration)
2026-06-23T03:02:31.313-05:00  INFO 18944 --- [sistema-bi] [  restartedMain] j.LocalContainerEntityManagerFactoryBean : Initialized JPA EntityManagerFactory for persistence unit 'default'
2026-06-23T03:02:31.338-05:00  WARN 18944 --- [sistema-bi] [  restartedMain] JpaBaseConfiguration$JpaWebConfiguration : spring.jpa.open-in-view is enabled by default. Therefore, database queries may be performed during view rendering. Explicitly configure spring.jpa.open-in-view to disable this warning
2026-06-23T03:02:31.419-05:00  INFO 18944 --- [sistema-bi] [  restartedMain] o.s.b.a.h2.H2ConsoleAutoConfiguration    : H2 console available at '/h2-console'. Database available at 'jdbc:postgresql://localhost:5432/bi_banco'
2026-06-23T03:02:31.430-05:00  WARN 18944 --- [sistema-bi] [  restartedMain] .s.s.UserDetailsServiceAutoConfiguration : 

Using generated security password: 1db06b88-9402-4cb9-bb1b-24d49273b72b

This generated password is for development use only. Your security configuration must be updated before running your application in production.

2026-06-23T03:02:31.430-05:00  INFO 18944 --- [sistema-bi] [  restartedMain] r$InitializeUserDetailsManagerConfigurer : Global AuthenticationManager configured with UserDetailsService bean with name inMemoryUserDetailsManager
2026-06-23T03:02:31.454-05:00  INFO 18944 --- [sistema-bi] [  restartedMain] o.s.b.d.a.OptionalLiveReloadServer       : LiveReload server is running on port 35729
2026-06-23T03:02:31.461-05:00  INFO 18944 --- [sistema-bi] [  restartedMain] o.s.b.w.embedded.tomcat.TomcatWebServer  : Tomcat started on port 8080 (http) with context path '/'
2026-06-23T03:02:31.465-05:00  INFO 18944 --- [sistema-bi] [  restartedMain] pe.com.banco.bi.SistemaBiApplication     : Started SistemaBiApplication in 0.645 seconds (process running for 151.317)
2026-06-23T03:02:31.472-05:00  INFO 18944 --- [sistema-bi] [  restartedMain] .ConditionEvaluationDeltaLoggingListener : Condition evaluation delta:


==========================
CONDITION EVALUATION DELTA
==========================


Positive matches:
-----------------

   SpringBootWebSecurityConfiguration.SecurityFilterChainConfiguration matched:
      - AllNestedConditions 2 matched 0 did not; NestedCondition on DefaultWebSecurityCondition.Beans @ConditionalOnMissingBean (types: org.springframework.security.web.SecurityFilterChain; SearchStrategy: all) did not find any beans; NestedCondition on DefaultWebSecurityCondition.Classes @ConditionalOnClass found required classes 'org.springframework.security.web.SecurityFilterChain', 'org.springframework.security.config.annotation.web.builders.HttpSecurity' (DefaultWebSecurityCondition)

   SpringBootWebSecurityConfiguration.WebSecurityEnablerConfiguration matched:
      - @ConditionalOnClass found required class 'org.springframework.security.config.annotation.web.configuration.EnableWebSecurity' (OnClassCondition)
      - @ConditionalOnMissingBean (names: springSecurityFilterChain; SearchStrategy: all) did not find any beans (OnBeanCondition)

   UserDetailsServiceAutoConfiguration matched:
      - @ConditionalOnClass found required class 'org.springframework.security.authentication.AuthenticationManager' (OnClassCondition)
      - found 'session' scope (OnWebApplicationCondition)
      - AnyNestedCondition 1 matched 2 did not; NestedCondition on UserDetailsServiceAutoConfiguration.MissingAlternativeOrUserPropertiesConfigured.PasswordConfigured @ConditionalOnProperty (spring.security.user.password) did not find property 'spring.security.user.password'; NestedCondition on UserDetailsServiceAutoConfiguration.MissingAlternativeOrUserPropertiesConfigured.NameConfigured @ConditionalOnProperty (spring.security.user.name) did not find property 'spring.security.user.name'; NestedCondition on UserDetailsServiceAutoConfiguration.MissingAlternativeOrUserPropertiesConfigured.MissingAlternative @ConditionalOnMissingClass did not find unwanted classes 'org.springframework.security.oauth2.client.registration.ClientRegistrationRepository', 'org.springframework.security.oauth2.server.resource.introspection.OpaqueTokenIntrospector', 'org.springframework.security.saml2.provider.service.registration.RelyingPartyRegistrationRepository' (UserDetailsServiceAutoConfiguration.MissingAlternativeOrUserPropertiesConfigured)
      - @ConditionalOnBean (types: org.springframework.security.config.ObjectPostProcessor; SearchStrategy: all) found beans 'objectPostProcessor', 'webAuthorizationManagerPostProcessor', 'filterChainDecoratorPostProcessor', 'authenticationManagerPostProcessor'; @ConditionalOnMissingBean (types: org.springframework.security.authentication.AuthenticationManager,org.springframework.security.authentication.AuthenticationProvider,org.springframework.security.core.userdetails.UserDetailsService,org.springframework.security.authentication.AuthenticationManagerResolver,?; SearchStrategy: all) did not find any beans (OnBeanCondition)


Negative matches:
-----------------

    None


Exclusions:
-----------

    None


Unconditional classes:
----------------------

    None



2026-06-23T03:02:36.015-05:00  INFO 18944 --- [sistema-bi] [   File Watcher] rtingClassPathChangeChangedEventListener : Restarting due to 209 class path changes (209 additions, 0 deletions, 0 modifications)
2026-06-23T03:02:36.017-05:00  INFO 18944 --- [sistema-bi] [      Thread-11] o.s.b.w.e.tomcat.GracefulShutdown        : Commencing graceful shutdown. Waiting for active requests to complete
2026-06-23T03:02:36.026-05:00  INFO 18944 --- [sistema-bi] [tomcat-shutdown] o.s.b.w.e.tomcat.GracefulShutdown        : Graceful shutdown complete
2026-06-23T03:02:36.028-05:00  INFO 18944 --- [sistema-bi] [      Thread-11] j.LocalContainerEntityManagerFactoryBean : Closing JPA EntityManagerFactory for persistence unit 'default'
2026-06-23T03:02:36.028-05:00  INFO 18944 --- [sistema-bi] [      Thread-11] com.zaxxer.hikari.HikariDataSource       : HikariPool-3 - Shutdown initiated...
2026-06-23T03:02:36.034-05:00  INFO 18944 --- [sistema-bi] [      Thread-11] com.zaxxer.hikari.HikariDataSource       : HikariPool-3 - Shutdown completed.

  .   ____          _            __ _ _
 /\\ / ___'_ __ _ _(_)_ __  __ _ \ \ \ \
( ( )\___ | '_ | '_| | '_ \/ _` | \ \ \ \
 \\/  ___)| |_)| | | | | || (_| |  ) ) ) )
  '  |____| .__|_| |_|_| |_\__, | / / / /
 =========|_|==============|___/=/_/_/_/

 :: Spring Boot ::                (v3.5.0)

2026-06-23T03:02:36.233-05:00  INFO 18944 --- [sistema-bi] [  restartedMain] pe.com.banco.bi.SistemaBiApplication     : Starting SistemaBiApplication using Java 21.0.2 with PID 18944 (E:\Documentos\SistemaBI\backend\target\classes started by alex in E:\Documentos\SistemaBI\backend)
2026-06-23T03:02:36.233-05:00  INFO 18944 --- [sistema-bi] [  restartedMain] pe.com.banco.bi.SistemaBiApplication     : No active profile set, falling back to 1 default profile: "default"
2026-06-23T03:02:36.598-05:00  INFO 18944 --- [sistema-bi] [  restartedMain] .s.d.r.c.RepositoryConfigurationDelegate : Bootstrapping Spring Data JPA repositories in DEFAULT mode.
2026-06-23T03:02:36.662-05:00  INFO 18944 --- [sistema-bi] [  restartedMain] .s.d.r.c.RepositoryConfigurationDelegate : Finished Spring Data repository scanning in 64 ms. Found 24 JPA repository interfaces.
2026-06-23T03:02:36.808-05:00  INFO 18944 --- [sistema-bi] [  restartedMain] o.s.b.w.embedded.tomcat.TomcatWebServer  : Tomcat initialized with port 8080 (http)
2026-06-23T03:02:36.809-05:00  INFO 18944 --- [sistema-bi] [  restartedMain] o.apache.catalina.core.StandardService   : Starting service [Tomcat]
2026-06-23T03:02:36.809-05:00  INFO 18944 --- [sistema-bi] [  restartedMain] o.apache.catalina.core.StandardEngine    : Starting Servlet engine: [Apache Tomcat/10.1.41]
2026-06-23T03:02:36.820-05:00  INFO 18944 --- [sistema-bi] [  restartedMain] o.a.c.c.C.[Tomcat].[localhost].[/]       : Initializing Spring embedded WebApplicationContext
2026-06-23T03:02:36.820-05:00  INFO 18944 --- [sistema-bi] [  restartedMain] w.s.c.ServletWebServerApplicationContext : Root WebApplicationContext: initialization completed in 583 ms
2026-06-23T03:02:36.898-05:00  INFO 18944 --- [sistema-bi] [  restartedMain] com.zaxxer.hikari.HikariDataSource       : HikariPool-4 - Starting...
2026-06-23T03:02:36.960-05:00  INFO 18944 --- [sistema-bi] [  restartedMain] com.zaxxer.hikari.pool.HikariPool        : HikariPool-4 - Added connection org.postgresql.jdbc.PgConnection@56a65848
2026-06-23T03:02:36.960-05:00  INFO 18944 --- [sistema-bi] [  restartedMain] com.zaxxer.hikari.HikariDataSource       : HikariPool-4 - Start completed.
2026-06-23T03:02:36.963-05:00  INFO 18944 --- [sistema-bi] [  restartedMain] org.flywaydb.core.FlywayExecutor         : Database: jdbc:postgresql://localhost:5432/bi_banco (PostgreSQL 18.3)
2026-06-23T03:02:36.971-05:00  WARN 18944 --- [sistema-bi] [  restartedMain] o.f.c.internal.database.base.Database    : Flyway upgrade recommended: PostgreSQL 18.3 is newer than this version of Flyway and support has not been tested. The latest supported version of PostgreSQL is 17.
2026-06-23T03:02:36.988-05:00  INFO 18944 --- [sistema-bi] [  restartedMain] o.f.core.internal.command.DbValidate     : Successfully validated 12 migrations (execution time 00:00.013s)
2026-06-23T03:02:37.057-05:00  INFO 18944 --- [sistema-bi] [  restartedMain] o.f.core.internal.command.DbMigrate      : Current version of schema "public": 12
2026-06-23T03:02:37.058-05:00  INFO 18944 --- [sistema-bi] [  restartedMain] o.f.core.internal.command.DbMigrate      : Schema "public" is up to date. No migration necessary.
2026-06-23T03:02:37.121-05:00  INFO 18944 --- [sistema-bi] [  restartedMain] o.hibernate.jpa.internal.util.LogHelper  : HHH000204: Processing PersistenceUnitInfo [name: default]
2026-06-23T03:02:37.123-05:00  INFO 18944 --- [sistema-bi] [  restartedMain] o.h.c.internal.RegionFactoryInitiator    : HHH000026: Second-level cache disabled
2026-06-23T03:02:37.130-05:00  INFO 18944 --- [sistema-bi] [  restartedMain] o.s.o.j.p.SpringPersistenceUnitInfo      : No LoadTimeWeaver setup: ignoring JPA class transformer
2026-06-23T03:02:37.137-05:00  WARN 18944 --- [sistema-bi] [  restartedMain] org.hibernate.orm.deprecation            : HHH90000025: PostgreSQLDialect does not need to be specified explicitly using 'hibernate.dialect' (remove the property setting and it will be selected by default)
2026-06-23T03:02:37.138-05:00  INFO 18944 --- [sistema-bi] [  restartedMain] org.hibernate.orm.connections.pooling    : HHH10001005: Database info:
	Database JDBC URL [Connecting through datasource 'HikariDataSource (HikariPool-4)']
	Database driver: undefined/unknown
	Database version: 18.3
	Autocommit mode: undefined/unknown
	Isolation level: undefined/unknown
	Minimum pool size: undefined/unknown
	Maximum pool size: undefined/unknown
2026-06-23T03:02:37.542-05:00  INFO 18944 --- [sistema-bi] [  restartedMain] o.h.e.t.j.p.i.JtaPlatformInitiator       : HHH000489: No JTA platform available (set 'hibernate.transaction.jta.platform' to enable JTA platform integration)
2026-06-23T03:02:37.563-05:00  INFO 18944 --- [sistema-bi] [  restartedMain] j.LocalContainerEntityManagerFactoryBean : Initialized JPA EntityManagerFactory for persistence unit 'default'
2026-06-23T03:02:38.341-05:00  INFO 18944 --- [sistema-bi] [  restartedMain] eAuthenticationProviderManagerConfigurer : Global AuthenticationManager configured with AuthenticationProvider bean with name authenticationProvider
2026-06-23T03:02:38.342-05:00  WARN 18944 --- [sistema-bi] [  restartedMain] r$InitializeUserDetailsManagerConfigurer : Global AuthenticationManager configured with an AuthenticationProvider bean. UserDetailsService beans will not be used by Spring Security for automatically configuring username/password login. Consider removing the AuthenticationProvider bean. Alternatively, consider using the UserDetailsService in a manually instantiated DaoAuthenticationProvider. If the current configuration is intentional, to turn off this warning, increase the logging level of 'org.springframework.security.config.annotation.authentication.configuration.InitializeUserDetailsBeanManagerConfigurer' to ERROR
2026-06-23T03:02:38.409-05:00  WARN 18944 --- [sistema-bi] [  restartedMain] JpaBaseConfiguration$JpaWebConfiguration : spring.jpa.open-in-view is enabled by default. Therefore, database queries may be performed during view rendering. Explicitly configure spring.jpa.open-in-view to disable this warning
2026-06-23T03:02:38.763-05:00  INFO 18944 --- [sistema-bi] [  restartedMain] o.s.b.a.h2.H2ConsoleAutoConfiguration    : H2 console available at '/h2-console'. Database available at 'jdbc:postgresql://localhost:5432/bi_banco'
2026-06-23T03:02:38.790-05:00  INFO 18944 --- [sistema-bi] [  restartedMain] o.s.b.d.a.OptionalLiveReloadServer       : LiveReload server is running on port 35729
2026-06-23T03:02:38.799-05:00  INFO 18944 --- [sistema-bi] [  restartedMain] o.s.b.w.embedded.tomcat.TomcatWebServer  : Tomcat started on port 8080 (http) with context path '/'
2026-06-23T03:02:38.799-05:00  INFO 18944 --- [sistema-bi] [  restartedMain] pe.com.banco.bi.SistemaBiApplication     : Started SistemaBiApplication in 2.604 seconds (process running for 158.657)
2026-06-23T03:02:38.806-05:00  INFO 18944 --- [sistema-bi] [  restartedMain] .ConditionEvaluationDeltaLoggingListener : Condition evaluation delta:


==========================
CONDITION EVALUATION DELTA
==========================


Positive matches:
-----------------

    None


Negative matches:
-----------------

   SpringBootWebSecurityConfiguration.SecurityFilterChainConfiguration:
      Did not match:
         - AllNestedConditions 1 matched 1 did not; NestedCondition on DefaultWebSecurityCondition.Beans @ConditionalOnMissingBean (types: org.springframework.security.web.SecurityFilterChain; SearchStrategy: all) found beans of type 'org.springframework.security.web.SecurityFilterChain' securityFilterChain; NestedCondition on DefaultWebSecurityCondition.Classes @ConditionalOnClass found required classes 'org.springframework.security.web.SecurityFilterChain', 'org.springframework.security.config.annotation.web.builders.HttpSecurity' (DefaultWebSecurityCondition)

   SpringBootWebSecurityConfiguration.WebSecurityEnablerConfiguration:
      Did not match:
         - @ConditionalOnMissingBean (names: springSecurityFilterChain; SearchStrategy: all) found beans named springSecurityFilterChain (OnBeanCondition)
      Matched:
         - @ConditionalOnClass found required class 'org.springframework.security.config.annotation.web.configuration.EnableWebSecurity' (OnClassCondition)

   UserDetailsServiceAutoConfiguration:
      Did not match:
         - @ConditionalOnMissingBean (types: org.springframework.security.authentication.AuthenticationManager,org.springframework.security.authentication.AuthenticationProvider,org.springframework.security.core.userdetails.UserDetailsService,org.springframework.security.authentication.AuthenticationManagerResolver,?; SearchStrategy: all) found beans of type 'org.springframework.security.authentication.AuthenticationManager' authenticationManager and found beans of type 'org.springframework.security.core.userdetails.UserDetailsService' userDetailsServiceImpl and found beans of type 'org.springframework.security.authentication.AuthenticationProvider' authenticationProvider (OnBeanCondition)
      Matched:
         - @ConditionalOnClass found required class 'org.springframework.security.authentication.AuthenticationManager' (OnClassCondition)
         - found 'session' scope (OnWebApplicationCondition)
         - AnyNestedCondition 1 matched 2 did not; NestedCondition on UserDetailsServiceAutoConfiguration.MissingAlternativeOrUserPropertiesConfigured.PasswordConfigured @ConditionalOnProperty (spring.security.user.password) did not find property 'spring.security.user.password'; NestedCondition on UserDetailsServiceAutoConfiguration.MissingAlternativeOrUserPropertiesConfigured.NameConfigured @ConditionalOnProperty (spring.security.user.name) did not find property 'spring.security.user.name'; NestedCondition on UserDetailsServiceAutoConfiguration.MissingAlternativeOrUserPropertiesConfigured.MissingAlternative @ConditionalOnMissingClass did not find unwanted classes 'org.springframework.security.oauth2.client.registration.ClientRegistrationRepository', 'org.springframework.security.oauth2.server.resource.introspection.OpaqueTokenIntrospector', 'org.springframework.security.saml2.provider.service.registration.RelyingPartyRegistrationRepository' (UserDetailsServiceAutoConfiguration.MissingAlternativeOrUserPropertiesConfigured)


Exclusions:
-----------

    None


Unconditional classes:
----------------------

    None



2026-06-23T03:03:37.593-05:00  INFO 18944 --- [sistema-bi] [   File Watcher] rtingClassPathChangeChangedEventListener : Restarting due to 3 class path changes (0 additions, 3 deletions, 0 modifications)
2026-06-23T03:03:37.596-05:00  INFO 18944 --- [sistema-bi] [      Thread-16] o.s.b.w.e.tomcat.GracefulShutdown        : Commencing graceful shutdown. Waiting for active requests to complete
2026-06-23T03:03:37.596-05:00  INFO 18944 --- [sistema-bi] [tomcat-shutdown] o.s.b.w.e.tomcat.GracefulShutdown        : Graceful shutdown complete
2026-06-23T03:03:37.596-05:00  INFO 18944 --- [sistema-bi] [      Thread-16] j.LocalContainerEntityManagerFactoryBean : Closing JPA EntityManagerFactory for persistence unit 'default'
2026-06-23T03:03:37.596-05:00  INFO 18944 --- [sistema-bi] [      Thread-16] com.zaxxer.hikari.HikariDataSource       : HikariPool-4 - Shutdown initiated...
2026-06-23T03:03:37.596-05:00  INFO 18944 --- [sistema-bi] [      Thread-16] com.zaxxer.hikari.HikariDataSource       : HikariPool-4 - Shutdown completed.

  .   ____          _            __ _ _
 /\\ / ___'_ __ _ _(_)_ __  __ _ \ \ \ \
( ( )\___ | '_ | '_| | '_ \/ _` | \ \ \ \
 \\/  ___)| |_)| | | | | || (_| |  ) ) ) )
  '  |____| .__|_| |_|_| |_\__, | / / / /
 =========|_|==============|___/=/_/_/_/

 :: Spring Boot ::                (v3.5.0)

2026-06-23T03:03:37.665-05:00  INFO 18944 --- [sistema-bi] [  restartedMain] pe.com.banco.bi.SistemaBiApplication     : Starting SistemaBiApplication using Java 21.0.2 with PID 18944 (E:\Documentos\SistemaBI\backend\target\classes started by alex in E:\Documentos\SistemaBI\backend)
2026-06-23T03:03:37.665-05:00  INFO 18944 --- [sistema-bi] [  restartedMain] pe.com.banco.bi.SistemaBiApplication     : No active profile set, falling back to 1 default profile: "default"
2026-06-23T03:03:37.860-05:00  INFO 18944 --- [sistema-bi] [  restartedMain] .s.d.r.c.RepositoryConfigurationDelegate : Bootstrapping Spring Data JPA repositories in DEFAULT mode.
2026-06-23T03:03:37.932-05:00  INFO 18944 --- [sistema-bi] [  restartedMain] .s.d.r.c.RepositoryConfigurationDelegate : Finished Spring Data repository scanning in 71 ms. Found 24 JPA repository interfaces.
2026-06-23T03:03:38.049-05:00  INFO 18944 --- [sistema-bi] [  restartedMain] o.s.b.w.embedded.tomcat.TomcatWebServer  : Tomcat initialized with port 8080 (http)
2026-06-23T03:03:38.049-05:00  INFO 18944 --- [sistema-bi] [  restartedMain] o.apache.catalina.core.StandardService   : Starting service [Tomcat]
2026-06-23T03:03:38.049-05:00  INFO 18944 --- [sistema-bi] [  restartedMain] o.apache.catalina.core.StandardEngine    : Starting Servlet engine: [Apache Tomcat/10.1.41]
2026-06-23T03:03:38.061-05:00  INFO 18944 --- [sistema-bi] [  restartedMain] o.a.c.c.C.[Tomcat].[localhost].[/]       : Initializing Spring embedded WebApplicationContext
2026-06-23T03:03:38.061-05:00  INFO 18944 --- [sistema-bi] [  restartedMain] w.s.c.ServletWebServerApplicationContext : Root WebApplicationContext: initialization completed in 386 ms
2026-06-23T03:03:38.124-05:00  INFO 18944 --- [sistema-bi] [  restartedMain] com.zaxxer.hikari.HikariDataSource       : HikariPool-5 - Starting...
2026-06-23T03:03:38.285-05:00  INFO 18944 --- [sistema-bi] [  restartedMain] com.zaxxer.hikari.pool.HikariPool        : HikariPool-5 - Added connection org.postgresql.jdbc.PgConnection@2f4818be
2026-06-23T03:03:38.285-05:00  INFO 18944 --- [sistema-bi] [  restartedMain] com.zaxxer.hikari.HikariDataSource       : HikariPool-5 - Start completed.
2026-06-23T03:03:38.286-05:00  INFO 18944 --- [sistema-bi] [  restartedMain] org.flywaydb.core.FlywayExecutor         : Database: jdbc:postgresql://localhost:5432/bi_banco (PostgreSQL 18.3)
2026-06-23T03:03:38.289-05:00  WARN 18944 --- [sistema-bi] [  restartedMain] o.f.c.internal.database.base.Database    : Flyway upgrade recommended: PostgreSQL 18.3 is newer than this version of Flyway and support has not been tested. The latest supported version of PostgreSQL is 17.
2026-06-23T03:03:38.309-05:00  INFO 18944 --- [sistema-bi] [  restartedMain] o.f.core.internal.command.DbValidate     : Successfully validated 12 migrations (execution time 00:00.011s)
2026-06-23T03:03:38.362-05:00  INFO 18944 --- [sistema-bi] [  restartedMain] o.f.core.internal.command.DbMigrate      : Current version of schema "public": 12
2026-06-23T03:03:38.363-05:00  INFO 18944 --- [sistema-bi] [  restartedMain] o.f.core.internal.command.DbMigrate      : Schema "public" is up to date. No migration necessary.
2026-06-23T03:03:38.418-05:00  INFO 18944 --- [sistema-bi] [  restartedMain] o.hibernate.jpa.internal.util.LogHelper  : HHH000204: Processing PersistenceUnitInfo [name: default]
2026-06-23T03:03:38.419-05:00  INFO 18944 --- [sistema-bi] [  restartedMain] o.h.c.internal.RegionFactoryInitiator    : HHH000026: Second-level cache disabled
2026-06-23T03:03:38.424-05:00  INFO 18944 --- [sistema-bi] [  restartedMain] o.s.o.j.p.SpringPersistenceUnitInfo      : No LoadTimeWeaver setup: ignoring JPA class transformer
2026-06-23T03:03:38.430-05:00  WARN 18944 --- [sistema-bi] [  restartedMain] org.hibernate.orm.deprecation            : HHH90000025: PostgreSQLDialect does not need to be specified explicitly using 'hibernate.dialect' (remove the property setting and it will be selected by default)
2026-06-23T03:03:38.431-05:00  INFO 18944 --- [sistema-bi] [  restartedMain] org.hibernate.orm.connections.pooling    : HHH10001005: Database info:
	Database JDBC URL [Connecting through datasource 'HikariDataSource (HikariPool-5)']
	Database driver: undefined/unknown
	Database version: 18.3
	Autocommit mode: undefined/unknown
	Isolation level: undefined/unknown
	Minimum pool size: undefined/unknown
	Maximum pool size: undefined/unknown
2026-06-23T03:03:38.669-05:00  INFO 18944 --- [sistema-bi] [  restartedMain] o.h.e.t.j.p.i.JtaPlatformInitiator       : HHH000489: No JTA platform available (set 'hibernate.transaction.jta.platform' to enable JTA platform integration)
2026-06-23T03:03:38.685-05:00  INFO 18944 --- [sistema-bi] [  restartedMain] j.LocalContainerEntityManagerFactoryBean : Initialized JPA EntityManagerFactory for persistence unit 'default'
2026-06-23T03:03:39.277-05:00  INFO 18944 --- [sistema-bi] [  restartedMain] eAuthenticationProviderManagerConfigurer : Global AuthenticationManager configured with AuthenticationProvider bean with name authenticationProvider
2026-06-23T03:03:39.277-05:00  WARN 18944 --- [sistema-bi] [  restartedMain] r$InitializeUserDetailsManagerConfigurer : Global AuthenticationManager configured with an AuthenticationProvider bean. UserDetailsService beans will not be used by Spring Security for automatically configuring username/password login. Consider removing the AuthenticationProvider bean. Alternatively, consider using the UserDetailsService in a manually instantiated DaoAuthenticationProvider. If the current configuration is intentional, to turn off this warning, increase the logging level of 'org.springframework.security.config.annotation.authentication.configuration.InitializeUserDetailsBeanManagerConfigurer' to ERROR
2026-06-23T03:03:39.325-05:00  WARN 18944 --- [sistema-bi] [  restartedMain] JpaBaseConfiguration$JpaWebConfiguration : spring.jpa.open-in-view is enabled by default. Therefore, database queries may be performed during view rendering. Explicitly configure spring.jpa.open-in-view to disable this warning
2026-06-23T03:03:39.662-05:00  INFO 18944 --- [sistema-bi] [  restartedMain] o.s.b.a.h2.H2ConsoleAutoConfiguration    : H2 console available at '/h2-console'. Database available at 'jdbc:postgresql://localhost:5432/bi_banco'
2026-06-23T03:03:39.694-05:00  INFO 18944 --- [sistema-bi] [  restartedMain] o.s.b.d.a.OptionalLiveReloadServer       : LiveReload server is running on port 35729
2026-06-23T03:03:39.706-05:00  INFO 18944 --- [sistema-bi] [  restartedMain] o.s.b.w.embedded.tomcat.TomcatWebServer  : Tomcat started on port 8080 (http) with context path '/'
2026-06-23T03:03:39.708-05:00  INFO 18944 --- [sistema-bi] [  restartedMain] pe.com.banco.bi.SistemaBiApplication     : Started SistemaBiApplication in 2.055 seconds (process running for 219.56)
2026-06-23T03:03:39.709-05:00  INFO 18944 --- [sistema-bi] [  restartedMain] .ConditionEvaluationDeltaLoggingListener : Condition evaluation unchanged
2026-06-23T03:03:41.153-05:00  INFO 18944 --- [sistema-bi] [   File Watcher] rtingClassPathChangeChangedEventListener : Restarting due to 3 class path changes (3 additions, 0 deletions, 0 modifications)
2026-06-23T03:03:41.154-05:00  INFO 18944 --- [sistema-bi] [      Thread-20] o.s.b.w.e.tomcat.GracefulShutdown        : Commencing graceful shutdown. Waiting for active requests to complete
2026-06-23T03:03:41.156-05:00  INFO 18944 --- [sistema-bi] [tomcat-shutdown] o.s.b.w.e.tomcat.GracefulShutdown        : Graceful shutdown complete
2026-06-23T03:03:41.158-05:00  INFO 18944 --- [sistema-bi] [      Thread-20] j.LocalContainerEntityManagerFactoryBean : Closing JPA EntityManagerFactory for persistence unit 'default'
2026-06-23T03:03:41.158-05:00  INFO 18944 --- [sistema-bi] [      Thread-20] com.zaxxer.hikari.HikariDataSource       : HikariPool-5 - Shutdown initiated...
2026-06-23T03:03:41.160-05:00  INFO 18944 --- [sistema-bi] [      Thread-20] com.zaxxer.hikari.HikariDataSource       : HikariPool-5 - Shutdown completed.

  .   ____          _            __ _ _
 /\\ / ___'_ __ _ _(_)_ __  __ _ \ \ \ \
( ( )\___ | '_ | '_| | '_ \/ _` | \ \ \ \
 \\/  ___)| |_)| | | | | || (_| |  ) ) ) )
  '  |____| .__|_| |_|_| |_\__, | / / / /
 =========|_|==============|___/=/_/_/_/

 :: Spring Boot ::                (v3.5.0)

2026-06-23T03:03:41.244-05:00  INFO 18944 --- [sistema-bi] [  restartedMain] pe.com.banco.bi.SistemaBiApplication     : Starting SistemaBiApplication using Java 21.0.2 with PID 18944 (E:\Documentos\SistemaBI\backend\target\classes started by alex in E:\Documentos\SistemaBI\backend)
2026-06-23T03:03:41.244-05:00  INFO 18944 --- [sistema-bi] [  restartedMain] pe.com.banco.bi.SistemaBiApplication     : No active profile set, falling back to 1 default profile: "default"
2026-06-23T03:03:41.401-05:00  INFO 18944 --- [sistema-bi] [  restartedMain] .s.d.r.c.RepositoryConfigurationDelegate : Bootstrapping Spring Data JPA repositories in DEFAULT mode.
2026-06-23T03:03:41.458-05:00  INFO 18944 --- [sistema-bi] [  restartedMain] .s.d.r.c.RepositoryConfigurationDelegate : Finished Spring Data repository scanning in 56 ms. Found 24 JPA repository interfaces.
2026-06-23T03:03:41.559-05:00  INFO 18944 --- [sistema-bi] [  restartedMain] o.s.b.w.embedded.tomcat.TomcatWebServer  : Tomcat initialized with port 8080 (http)
2026-06-23T03:03:41.559-05:00  INFO 18944 --- [sistema-bi] [  restartedMain] o.apache.catalina.core.StandardService   : Starting service [Tomcat]
2026-06-23T03:03:41.559-05:00  INFO 18944 --- [sistema-bi] [  restartedMain] o.apache.catalina.core.StandardEngine    : Starting Servlet engine: [Apache Tomcat/10.1.41]
2026-06-23T03:03:41.569-05:00  INFO 18944 --- [sistema-bi] [  restartedMain] o.a.c.c.C.[Tomcat].[localhost].[/]       : Initializing Spring embedded WebApplicationContext
2026-06-23T03:03:41.569-05:00  INFO 18944 --- [sistema-bi] [  restartedMain] w.s.c.ServletWebServerApplicationContext : Root WebApplicationContext: initialization completed in 324 ms
2026-06-23T03:03:41.632-05:00  INFO 18944 --- [sistema-bi] [  restartedMain] com.zaxxer.hikari.HikariDataSource       : HikariPool-6 - Starting...
2026-06-23T03:03:41.669-05:00  INFO 18944 --- [sistema-bi] [  restartedMain] com.zaxxer.hikari.pool.HikariPool        : HikariPool-6 - Added connection org.postgresql.jdbc.PgConnection@40020eea
2026-06-23T03:03:41.670-05:00  INFO 18944 --- [sistema-bi] [  restartedMain] com.zaxxer.hikari.HikariDataSource       : HikariPool-6 - Start completed.
2026-06-23T03:03:41.671-05:00  INFO 18944 --- [sistema-bi] [  restartedMain] org.flywaydb.core.FlywayExecutor         : Database: jdbc:postgresql://localhost:5432/bi_banco (PostgreSQL 18.3)
2026-06-23T03:03:41.680-05:00  WARN 18944 --- [sistema-bi] [  restartedMain] o.f.c.internal.database.base.Database    : Flyway upgrade recommended: PostgreSQL 18.3 is newer than this version of Flyway and support has not been tested. The latest supported version of PostgreSQL is 17.
2026-06-23T03:03:41.690-05:00  INFO 18944 --- [sistema-bi] [  restartedMain] o.f.core.internal.command.DbValidate     : Successfully validated 12 migrations (execution time 00:00.007s)
2026-06-23T03:03:41.731-05:00  INFO 18944 --- [sistema-bi] [  restartedMain] o.f.core.internal.command.DbMigrate      : Current version of schema "public": 12
2026-06-23T03:03:41.731-05:00  INFO 18944 --- [sistema-bi] [  restartedMain] o.f.core.internal.command.DbMigrate      : Schema "public" is up to date. No migration necessary.
2026-06-23T03:03:41.767-05:00  INFO 18944 --- [sistema-bi] [  restartedMain] o.hibernate.jpa.internal.util.LogHelper  : HHH000204: Processing PersistenceUnitInfo [name: default]
2026-06-23T03:03:41.768-05:00  INFO 18944 --- [sistema-bi] [  restartedMain] o.h.c.internal.RegionFactoryInitiator    : HHH000026: Second-level cache disabled
2026-06-23T03:03:41.773-05:00  INFO 18944 --- [sistema-bi] [  restartedMain] o.s.o.j.p.SpringPersistenceUnitInfo      : No LoadTimeWeaver setup: ignoring JPA class transformer
2026-06-23T03:03:41.777-05:00  WARN 18944 --- [sistema-bi] [  restartedMain] org.hibernate.orm.deprecation            : HHH90000025: PostgreSQLDialect does not need to be specified explicitly using 'hibernate.dialect' (remove the property setting and it will be selected by default)
2026-06-23T03:03:41.778-05:00  INFO 18944 --- [sistema-bi] [  restartedMain] org.hibernate.orm.connections.pooling    : HHH10001005: Database info:
	Database JDBC URL [Connecting through datasource 'HikariDataSource (HikariPool-6)']
	Database driver: undefined/unknown
	Database version: 18.3
	Autocommit mode: undefined/unknown
	Isolation level: undefined/unknown
	Minimum pool size: undefined/unknown
	Maximum pool size: undefined/unknown
2026-06-23T03:03:41.962-05:00  INFO 18944 --- [sistema-bi] [  restartedMain] o.h.e.t.j.p.i.JtaPlatformInitiator       : HHH000489: No JTA platform available (set 'hibernate.transaction.jta.platform' to enable JTA platform integration)
2026-06-23T03:03:41.977-05:00  INFO 18944 --- [sistema-bi] [  restartedMain] j.LocalContainerEntityManagerFactoryBean : Initialized JPA EntityManagerFactory for persistence unit 'default'
2026-06-23T03:03:42.502-05:00  INFO 18944 --- [sistema-bi] [  restartedMain] eAuthenticationProviderManagerConfigurer : Global AuthenticationManager configured with AuthenticationProvider bean with name authenticationProvider
2026-06-23T03:03:42.503-05:00  WARN 18944 --- [sistema-bi] [  restartedMain] r$InitializeUserDetailsManagerConfigurer : Global AuthenticationManager configured with an AuthenticationProvider bean. UserDetailsService beans will not be used by Spring Security for automatically configuring username/password login. Consider removing the AuthenticationProvider bean. Alternatively, consider using the UserDetailsService in a manually instantiated DaoAuthenticationProvider. If the current configuration is intentional, to turn off this warning, increase the logging level of 'org.springframework.security.config.annotation.authentication.configuration.InitializeUserDetailsBeanManagerConfigurer' to ERROR
2026-06-23T03:03:42.555-05:00  WARN 18944 --- [sistema-bi] [  restartedMain] JpaBaseConfiguration$JpaWebConfiguration : spring.jpa.open-in-view is enabled by default. Therefore, database queries may be performed during view rendering. Explicitly configure spring.jpa.open-in-view to disable this warning
2026-06-23T03:03:42.878-05:00  INFO 18944 --- [sistema-bi] [  restartedMain] o.s.b.a.h2.H2ConsoleAutoConfiguration    : H2 console available at '/h2-console'. Database available at 'jdbc:postgresql://localhost:5432/bi_banco'
2026-06-23T03:03:42.907-05:00  INFO 18944 --- [sistema-bi] [  restartedMain] o.s.b.d.a.OptionalLiveReloadServer       : LiveReload server is running on port 35729
2026-06-23T03:03:42.919-05:00  INFO 18944 --- [sistema-bi] [  restartedMain] o.s.b.w.embedded.tomcat.TomcatWebServer  : Tomcat started on port 8080 (http) with context path '/'
2026-06-23T03:03:42.922-05:00  INFO 18944 --- [sistema-bi] [  restartedMain] pe.com.banco.bi.SistemaBiApplication     : Started SistemaBiApplication in 1.701 seconds (process running for 222.774)
2026-06-23T03:03:42.923-05:00  INFO 18944 --- [sistema-bi] [  restartedMain] .ConditionEvaluationDeltaLoggingListener : Condition evaluation unchanged
[INFO] ------------------------------------------------------------------------
[INFO] BUILD FAILURE
[INFO] ------------------------------------------------------------------------
[INFO] Total time:  04:00 min
[INFO] Finished at: 2026-06-23T03:03:57-05:00
[INFO] ------------------------------------------------------------------------
[ERROR] Failed to execute goal org.springframework.boot:spring-boot-maven-plugin:3.5.0:run (default-cli) on project sistema-bi: Process terminated with exit code: 1 -> [Help 1]
[ERROR] 
[ERROR] To see the full stack trace of the errors, re-run Maven with the -e switch.
[ERROR] Re-run Maven using the -X switch to enable full debug logging.
[ERROR] 
[ERROR] For more information about the errors and possible solutions, please read the following articles:
[ERROR] [Help 1] http://cwiki.apache.org/confluence/display/MAVEN/MojoExecutionException
